#
# There is insufficient memory for the Java Runtime Environment to continue.
# Native memory allocation (malloc) failed to allocate 1619696 bytes. Error detail: Chunk::new
# Possible reasons:
#   The system is out of physical RAM or swap space
#   This process is running with CompressedOops enabled, and the Java Heap may be blocking the growth of the native heap
# Possible solutions:
#   Reduce memory load on the system
#   Increase physical memory or swap space
#   Check if swap backing store is full
#   Decrease Java heap size (-Xmx/-Xms)
#   Decrease number of Java threads
#   Decrease Java thread stack sizes (-Xss)
#   Set larger code cache with -XX:ReservedCodeCacheSize=
#   JVM is running with Unscaled Compressed Oops mode in which the Java heap is
#     placed in the first 4GB address space. The Java Heap base address is the
#     maximum limit for the native heap growth. Please use -XX:HeapBaseMinAddress
#     to set the Java Heap base and to place the Java Heap above 4GB virtual address.
# This output file may be truncated or incomplete.
#
#  Out of Memory Error (arena.cpp:191), pid=36228, tid=29568
#
# JRE version: OpenJDK Runtime Environment Temurin-17.0.14+7 (17.0.14+7) (build 17.0.14+7)
# Java VM: OpenJDK 64-Bit Server VM Temurin-17.0.14+7 (17.0.14+7, mixed mode, tiered, compressed oops, compressed class ptrs, g1 gc, windows-amd64)
# No core dump will be written. Minidumps are not enabled by default on client versions of Windows
#

---------------  S U M M A R Y ------------

Command Line: -Dgroovy.home=C:\Users\soumya.kj/.groovy -Djava.system.class.loader=groovy.lang.GroovyClassLoader -Xmx2048m -Dfile.encoding=UTF-8 -Dstdout.encoding=UTF-8 -Dstderr.encoding=UTF-8 -XX:+ShowCodeDetailsInExceptionMessages org.codehaus.groovy.tools.GroovyStarter --classpath C:\Users\soumya.kj\Katalon Studio\Workoutput\bin\keyword;C:\Users\soumya.kj\Katalon Studio\Workoutput\Keywords;C:\Users\soumya.kj\Katalon Studio\Workoutput\bin\listener;C:\Users\soumya.kj\Katalon Studio\Workoutput\Test Listeners;C:\Users\soumya.kj\Katalon Studio\Workoutput\bin\lib;C:\Users\soumya.kj\Katalon Studio\Workoutput\Libs;C:\Users\soumya.kj\Katalon Studio\Workoutput\bin\groovy;C:\Users\soumya.kj\Katalon Studio\Workoutput\Include\scripts\groovy;C:\Users\soumya.kj\.katalon\packages\KSE-10.4.3\plugins\com.kms.katalon.core_1.0.0.202512220625.jar;C:\Users\soumya.kj\.katalon\packages\KSE-10.4.3\configuration\resources\lib\aalto-xml-1.0.0.jar;C:\Users\soumya.kj\.katalon\packages\KSE-10.4.3\configuration\resources\lib\aws-2.20.3-fat.jar;C:\Users\soumya.kj\.katalon\packages\KSE-10.4.3\configuration\resources\lib\browsermob-core-2.1.5.jar;C:\Users\soumya.kj\.katalon\packages\KSE-10.4.3\configuration\resources\lib\byte-buddy-1.14.3.jar;C:\Users\soumya.kj\.katalon\packages\KSE-10.4.3\configuration\resources\lib\byte-buddy-agent-1.14.3.jar;C:\Users\soumya.kj\.katalon\packages\KSE-10.4.3\configuration\resources\lib\commons-codec-1.10.jar;C:\Users\soumya.kj\.katalon\packages\KSE-10.4.3\configuration\resources\lib\commons-collections4-4.1.jar;C:\Users\soumya.kj\.katalon\packages\KSE-10.4.3\configuration\resources\lib\commons-javaflow-20060411.jar;C:\Users\soumya.kj\.katalon\packages\KSE-10.4.3\configuration\resources\lib\commons-logging-1.3.4.jar;C:\Users\soumya.kj\.katalon\packages\KSE-10.4.3\configuration\resources\lib\curvesapi-1.04.jar;C:\Users\soumya.kj\.katalon\packages\KSE-10.4.3\configuration\resources\lib\dnsjava-3.6.2.jar;C:\Users\soumya.kj\.katalon\packages\KSE-10.4.3\configuration\resources\lib\ecj-3.21.0.jar;C:\Users\soumya.kj\.katalon\packages\KSE-10.4.3\configuration\resources\lib\fontbox-3.0.4.jar;C:\Users\soumya.kj\.katalon\packages\KSE-10.4.3\configuration\resources\lib\groovy-3.0.17.jar;C:\Users\soumya.kj\.katalon\packages\KSE-10.4.3\configuration\resources\lib\jackson-coreutils-2.0.jar;C:\Users\soumya.kj\.katalon\packages\KSE-10.4.3\configuration\resources\lib\jackson-coreutils-equivalence-1.0.jar;C:\Users\soumya.kj\.katalon\packages\KSE-10.4.3\configuration\resources\lib\jasperreports-6.20.5.jar;C:\Users\soumya.kj\.katalon\packages\KSE-10.4.3\configuration\resources\lib\jasperreports-fonts-6.20.5.jar;C:\Users\soumya.kj\.katalon\packages\KSE-10.4.3\configuration\resources\lib\javax.servlet-api_3.1.0.jar;C:\Users\soumya.kj\.katalon\packages\KSE-10.4.3\configuration\resources\lib\jna-5.12.1.jar;C:\Users\soumya.kj\.katalon\packages\KSE-10.4.3\configuration\resources\lib\jna-platform-5.12.1.jar;C:\Users\soumya.kj\.katalon\packages\KSE-10.4.3\configuration\resources\lib\json-schema-core-1.2.14.jar;C:\Users\soumya.kj\.katalon\packages\KSE-10.4.3\configuration\resources\lib\json-schema-validator-2.2.14.jar;C:\Users\soumya.kj\.katalon\packages\KSE-10.4.3\configuration\resources\lib\jzlib-1.1.3.jar;C:\Users\soumya.kj\.katalon\packages\KSE-10.4.3\configuration\resources\lib\kat-server.jar;C:\Users\soumya.kj\.katalon\packages\KSE-10.4.3\configuration\resources\lib\littleproxy-1.1.0-beta-bmp-17.jar;C:\Users\soumya.kj\.katalon\packages\KSE-10.4.3\configuration\resources\lib\log4j-1.2-api-2.17.1.jar;C:\Users\soumya.kj\.katalon\packages\KSE-10.4.3\configuration\resources\lib\log4j-api-2.17.1.jar;C:\Users\soumya.kj\.katalon\packages\KSE-10.4.3\configuration\resources\lib\log4j-core-2.17.1.jar;C:\Users\soumya.kj\.katalon\packages\KSE-10.4.3\configuration\resources\lib\mitm-2.1.5.jar;C:\Users\soumya.kj\.katalon\packages\KSE-10.4.3\configuration\resources\lib\mockito-core-5.2.0.jar;C:\Users\soumya.kj\.katalon\packages\KSE-10.4.3\configuration\resources\lib\mockito-inline-5.2.0.jar;C:\Users\soumya.kj\.katalon\packages\KSE-10.4.3\configuration\resources\lib\objenesis-3.3.jar;C:\Users\soumya.kj\.katalon\packages\KSE-10.4.3\configuration\resources\lib\openpdf-1.3.30.jaspersoft.2.jar;C:\Users\soumya.kj\.katalon\packages\KSE-10.4.3\configuration\resources\lib\pdfbox-3.0.4.jar;C:\Users\soumya.kj\.katalon\packages\KSE-10.4.3\configuration\resources\lib\pdfbox-io-3.0.4.jar;C:\Users\soumya.kj\.katalon\packages\KSE-10.4.3\configuration\resources\lib\poi-3.17.jar;C:\Users\soumya.kj\.katalon\packages\KSE-10.4.3\configuration\resources\lib\poi-ooxml-3.17.jar;C:\Users\soumya.kj\.katalon\packages\KSE-10.4.3\configuration\resources\lib\poi-ooxml-schemas-3.17.jar;C:\Users\soumya.kj\.katalon\packages\KSE-10.4.3\configuration\resources\lib\repackaged-sikuli-api-1.0.2-standalone.jar;C:\Users\soumya.kj\.katalon\packages\KSE-10.4.3\configuration\resources\lib\selenium-shutterbug-1.1.jar;C:\Users\soumya.kj\.katalon\packages\KSE-10.4.3\configuration\resources\lib\soap-builder-1.0.0.jar;C:\Users\soumya.kj\.katalon\packages\KSE-10.4.3\configuration\resources\lib\soap-common-1.0.0.jar;C:\Users\soumya.kj\.katalon\packages\KSE-10.4.3\configuration\resources\lib\soap-legacy-1.0.0.jar;C:\Users\soumya.kj\.katalon\packages\KSE-10.4.3\configuration\resources\lib\stax2-api-4.0.0.jar;C:\Users\soumya.kj\.katalon\packages\KSE-10.4.3\configuration\resources\lib\su.jar;C:\Users\soumya.kj\.katalon\packages\KSE-10.4.3\configuration\resources\lib\swagger-parser-1.0.67-fat.jar;C:\Users\soumya.kj\.katalon\packages\KSE-10.4.3\configuration\resources\lib\uri-template-0.1.jar;C:\Users\soumya.kj\.katalon\packages\KSE-10.4.3\configuration\resources\lib\wadl.jar;C:\Users\soumya.kj\.katalon\packages\KSE-10.4.3\configuration\resources\lib\xmlbeans-3.1.0.jar;C:\Users\soumya.kj\.katalon\packages\KSE-10.4.3\plugins\net.sf.supercsv.super-csv_2.4.0.jar;C:\Users\soumya.kj\.katalon\packages\KSE-10.4.3\plugins\org.apache.commons.commons-io_2.17.0.jar;C:\Users\soumya.kj\.katalon\packages\KSE-10.4.3\plugins\org.apache.commons.lang_2.6.0.jar;C:\Users\soumya.kj\.katalon\packages\KSE-10.4.3\plugins\com.google.gson_2.11.0.jar;C:\Users\soumya.kj\.katalon\packages\KSE-10.4.3\plugins\org.jsoup_1.21.1.jar;C:\Users\soumya.kj\.katalon\packages\KSE-10.4.3\plugins\org.apache.commons.dbutils_1.6.0.jar;C:\Users\soumya.kj\.katalon\packages\KSE-10.4.3\plugins\com.oracle.database.jdbc.ojdbc11_21.18.0.0.jar;C:\Users\soumya.kj\.katalon\packages\KSE-10.4.3\plugins\org.postgresql.jdbc_42.7.7.jar;c:\Users\soumya.kj\.katalon\packages\KSE-10.4.3\plugins\org.eclipse.osgi_3.22.0.v20241030-2121.jar;C:\Users\soumya.kj\.katalon\packages\KSE-10.4.3\plugins\com.kms.katalon.constant_1.0.0.202512220625.jar;C:\Users\soumya.kj\.katalon\packages\KSE-10.4.3\plugins\org.eclipse.persistence.eclipselink_2.7.11.jar;C:\Users\soumya.kj\.katalon\packages\KSE-10.4.3\plugins\com.kms.katalon.selenium-standalone_1.0.0.202512220625.jar;C:\Users\soumya.kj\.katalon\packages\KSE-10.4.3\plugins\atu.testrecorder.screen-recorder_2.1.0.jar;C:\Users\soumya.kj\.katalon\packages\KSE-10.4.3\plugins\com.google.guava_33.4.8.jre.jar;C:\Users\soumya.kj\.katalon\packages\KSE-10.4.3\plugins\com.kms.katalon.util_1.0.0.202512220625.jar;C:\Users\soumya.kj\.katalon\packages\KSE-10.4.3\plugins\org.apache.httpcomponents.httpclient_4.5.14.jar;C:\Users\soumya.kj\.katalon\packages\KSE-10.4.3\plugins\org.apache.httpcomponents.httpcore_4.4.16.jar;C:\Users\soumya.kj\.katalon\packages\KSE-10.4.3\plugins\org.apache.httpcomponents.httpmime_4.5.13.jar;C:\Users\soumya.kj\.katalon\packages\KSE-10.4.3\plugins\org.apache.commons.lang3_3.18.0.jar;C:\Users\soumya.kj\.katalon\packages\KSE-10.4.3\plugins\org.greenrobot.eventbus_3.1.1.jar;C:\Users\soumya.kj\.katalon\packages\KSE-10.4.3\plugins\net.bytebuddy.byte-buddy_1.17.6.jar;C:\Users\soumya.kj\.katalon\packages\KSE-10.4.3\plugins\org.junit_4.13.2.v20230809-1000.jar;C:\Users\soumya.kj\.katalon\packages\KSE-10.4.3\plugins\com.fasterxml.jackson.core.jackson-databind_2.18.4.jar;C:\Users\soumya.kj\.katalon\packages\KSE-10.4.3\plugins\com.fasterxml.jackson.core.jackson-core_2.18.4.jar;C:\Users\soumya.kj\.katalon\packages\KSE-10.4.3\plugins\com.fasterxml.jackson.core.jackson-annotations_2.18.4.jar;C:\Users\soumya.kj\.katalon\packages\KSE-10.4.3\plugins\slf4j.api_2.0.17.jar;C:\Users\soumya.kj\.katalon\packages\KSE-10.4.3\plugins\org.fusesource.jansi_1.17.1.jar;C:\Users\soumya.kj\.katalon\packages\KSE-10.4.3\plugins\com.kms.katalon.netlightbody_1.0.0.202512220625.jar;C:\Users\soumya.kj\.katalon\packages\KSE-10.4.3\plugins\com.kms.katalon.poi_1.0.0.202512220625.jar;C:\Users\soumya.kj\.katalon\packages\KSE-10.4.3\plugins\org.apache.commons.commons-text_1.10.0.jar;C:\Users\soumya.kj\.katalon\packages\KSE-10.4.3\plugins\com.microsoft.sqlserver.mssql-jdbc_12.6.5.jar;C:\Users\soumya.kj\.katalon\packages\KSE-10.4.3\plugins\com.github.kklisura.cdt.java-client_2.1.0.jar;C:\Users\soumya.kj\.katalon\packages\KSE-10.4.3\plugins\javax.websocket-api_1.1.0.jar;C:\Users\soumya.kj\.katalon\packages\KSE-10.4.3\plugins\org.glassfish.tyrus.container-grizzly-client_1.13.1.jar;C:\Users\soumya.kj\.katalon\packages\KSE-10.4.3\plugins\org.glassfish.grizzly.http-server_2.3.25.jar;C:\Users\soumya.kj\.katalon\packages\KSE-10.4.3\plugins\org.glassfish.grizzly.framework_2.3.25.jar;C:\Users\soumya.kj\.katalon\packages\KSE-10.4.3\plugins\org.glassfish.grizzly.http_2.3.25.jar;C:\Users\soumya.kj\.katalon\packages\KSE-10.4.3\plugins\org.glassfish.tyrus.client_1.13.1.jar;C:\Users\soumya.kj\.katalon\packages\KSE-10.4.3\plugins\org.glassfish.tyrus.core_1.13.1.jar;C:\Users\soumya.kj\.katalon\packages\KSE-10.4.3\plugins\org.glassfish.tyrus.spi_1.13.1.jar;C:\Users\soumya.kj\.katalon\packages\KSE-10.4.3\plugins\javassist_3.28.0.GA.jar;C:\Users\soumya.kj\.katalon\packages\KSE-10.4.3\plugins\graphql-java_22.3.0.jar;C:\Users\soumya.kj\.katalon\packages\KSE-10.4.3\plugins\org.glassfish.jaxb.runtime_2.3.6.jar;C:\Users\soumya.kj\.katalon\packages\KSE-10.4.3\plugins\org.glassfish.jaxb.txw2_2.3.6.jar;C:\Users\soumya.kj\.katalon\packages\KSE-10.4.3\plugins\org.dom4j_2.1.4.jar;C:\Users\soumya.kj\.katalon\packages\KSE-10.4.3\plugins\com.kms.katalon.groovy-extended_1.0.0.202512220625.jar;C:\Users\soumya.kj\.katalon\packages\KSE-10.4.3\plugins\com.sun.activation.javax.activation_1.2.0.jar;C:\Users\soumya.kj\.katalon\packages\KSE-10.4.3\plugins\jakarta.xml.bind-api_4.0.2.jar;C:\Users\soumya.kj\.katalon\packages\KSE-10.4.3\plugins\org.eclipse.jface_3.35.100.v20241003-1431.jar;C:\Users\soumya.kj\.katalon\packages\KSE-10.4.3\plugins\com.kms.katalon.logging_1.0.0.202512220625.jar;C:\Users\soumya.kj\.katalon\packages\KSE-10.4.3\plugins\json_20240303.0.0.jar;C:\Users\soumya.kj\.katalon\packages\KSE-10.4.3\plugins\assertj-core_3.25.3.jar;C:\Users\soumya.kj\.katalon\packages\KSE-10.4.3\plugins\com.networknt.json-schema-validator_1.5.7.jar;C:\Users\soumya.kj\.katalon\packages\KSE-10.4.3\plugins\com.kms.katalon.network.apache_1.0.0.202512220625.jar;C:\Users\soumya.kj\.katalon\packages\KSE-10.4.3\plugins\com.kms.katalon.network.core_1.0.0.202512220625.jar;C:\Users\soumya.kj\.katalon\packages\KSE-10.4.3\plugins\java-dataloader_3.3.0.jar;C:\Users\soumya.kj\.katalon\packages\KSE-10.4.3\plugins\org.apache.commons.collections_3.2.2.v201511171945.jar;C:\Users\soumya.kj\.katalon\packages\KSE-10.4.3\plugins\org.apache.commons.commons-collections4_4.4.0.jar;C:\Users\soumya.kj\.katalon\packages\KSE-10.4.3\plugins\org.apache.commons.digester_2.1.0.jar;C:\Users\soumya.kj\.katalon\packages\KSE-10.4.3\plugins\stax2-api_4.2.2.jar;C:\Users\soumya.kj\.katalon\packages\KSE-10.4.3\plugins\com.fasterxml.woodstox.woodstox-core_6.6.2.jar;C:\Users\soumya.kj\.katalon\packages\KSE-10.4.3\plugins\org.apache.commons.logging_1.2.0.v20180409-1502.jar;C:\Users\soumya.kj\.katalon\packages\KSE-10.4.3\plugins\org.apache.commons.commons-beanutils_1.11.0.jar;C:\Users\soumya.kj\.katalon\packages\KSE-10.4.3\plugins\com.kms.katalon.report.core_1.0.0.202512220625.jar;C:\Users\soumya.kj\.katalon\packages\KSE-10.4.3\plugins\org.seleniumhq.selenium.selenium-api_4.34.0.jar;C:\Users\soumya.kj\.katalon\packages\KSE-10.4.3\plugins\org.seleniumhq.selenium.selenium-remote-driver_4.34.0.jar;C:\Users\soumya.kj\.katalon\packages\KSE-10.4.3\plugins\org.seleniumhq.selenium.selenium-http_4.34.0.jar;C:\Users\soumya.kj\.katalon\packages\KSE-10.4.3\plugins\ch.qos.logback.classic_1.5.19.jar;C:\Users\soumya.kj\.katalon\packages\KSE-10.4.3\plugins\ch.qos.logback.core_1.5.19.jar;C:\Users\soumya.kj\.katalon\packages\KSE-10.4.3\plugins\log4j.over.slf4j_1.7.36.jar;C:\Users\soumya.kj\.katalon\packages\KSE-10.4.3\plugins\org.eclipse.e4.core.contexts_1.13.0.v20241014-2013.jar;C:\Users\soumya.kj\.katalon\packages\KSE-10.4.3\plugins\com.github.oshi.oshi-core_6.9.1.jar;C:\Users\soumya.kj\.katalon\packages\KSE-10.4.3\plugins\com.sun.jna_5.18.1.jar;C:\Users\soumya.kj\.katalon\packages\KSE-10.4.3\plugins\com.sun.jna.platform_5.18.1.jar;C:\Users\soumya.kj\.katalon\packages\KSE-10.4.3\plugins\org.bidib.com.github.markusbernhardt.proxy-vole_1.1.7.jar;C:\Users\soumya.kj\.katalon\packages\KSE-10.4.3\plugins\org.hamcrest.core_1.3.0.jar;C:\Users\soumya.kj\.katalon\packages\KSE-10.4.3\plugins\org.beanshell.bsh_2.0.0.0b4.jar;C:\Users\soumya.kj\.katalon\packages\KSE-10.4.3\plugins\org.apache.ant.launcher_1.9.6.jar;C:\Users\soumya.kj\.katalon\packages\KSE-10.4.3\plugins\org.seleniumhq.selenium.selenium-chrome-driver_4.34.0.jar;C:\Users\soumya.kj\.katalon\packages\KSE-10.4.3\plugins\org.seleniumhq.selenium.selenium-chromium-driver_4.34.0.jar;C:\Users\soumya.kj\.katalon\packages\KSE-10.4.3\plugins\org.seleniumhq.selenium.selenium-edge-driver_4.34.0.jar;C:\Users\soumya.kj\.katalon\packages\KSE-10.4.3\plugins\org.seleniumhq.selenium.selenium-firefox-driver_4.34.0.jar;C:\Users\soumya.kj\.katalon\packages\KSE-10.4.3\plugins\org.seleniumhq.selenium.selenium-safari-driver_4.34.0.jar;C:\Users\soumya.kj\.katalon\packages\KSE-10.4.3\plugins\org.seleniumhq.selenium.selenium-ie-driver_4.34.0.jar;C:\Users\soumya.kj\.katalon\packages\KSE-10.4.3\plugins\org.seleniumhq.selenium.selenium-manager_4.34.0.jar;C:\Users\soumya.kj\.katalon\packages\KSE-10.4.3\plugins\org.seleniumhq.selenium.selenium-json_4.34.0.jar;C:\Users\soumya.kj\.katalon\packages\KSE-10.4.3\plugins\com.kms.katalon.core.appium_1.0.0.202512220625.jar;C:\Users\soumya.kj\.katalon\packages\KSE-10.4.3\plugins\org.seleniumhq.selenium.selenium-os_4.34.0.jar;C:\Users\soumya.kj\.katalon\packages\KSE-10.4.3\plugins\io.appium.java-client_9.5.0.jar;C:\Users\soumya.kj\.katalon\packages\KSE-10.4.3\plugins\org.eclipse.e4.core.services_2.5.0.v20241015-2219.jar;C:\Users\soumya.kj\.katalon\packages\KSE-10.4.3\plugins\org.eclipse.osgi.services_3.12.100.v20240327-0645.jar;C:\Users\soumya.kj\.katalon\packages\KSE-10.4.3\plugins\org.eclipse.equinox.common_3.19.200.v20241004-0654.jar;C:\Users\soumya.kj\.katalon\packages\KSE-10.4.3\plugins\com.kms.katalon.platform.core_1.0.0.202512220625.jar;C:\Users\soumya.kj\.katalon\packages\KSE-10.4.3\plugins\com.kms.katalon.common_1.0.0.202512220625.jar;C:\Users\soumya.kj\.katalon\packages\KSE-10.4.3\plugins\com.kms.katalon.session.core_1.0.0.202512220625.jar;C:\Users\soumya.kj\.katalon\packages\KSE-10.4.3\plugins\org.eclipse.e4.core.di_1.9.500.v20240606-1236.jar;C:\Users\soumya.kj\.katalon\packages\KSE-10.4.3\plugins\com.kms.katalon.execution.core_1.0.0.202512220625.jar;C:\Users\soumya.kj\.katalon\packages\KSE-10.4.3\plugins\org.eclipse.equinox.registry_3.12.200.v20241004-0654.jar;C:\Users\soumya.kj\.katalon\packages\KSE-10.4.3\plugins\oauth2-oidc-sdk_11.29.1.jar;C:\Users\soumya.kj\.katalon\packages\KSE-10.4.3\plugins\dev.failsafe_3.3.2.jar;C:\Users\soumya.kj\.katalon\packages\KSE-10.4.3\plugins\com.fasterxml.jackson.datatype.jackson-datatype-jsr310_2.17.2.jar;C:\Users\soumya.kj\.katalon\packages\KSE-10.4.3\plugins\org.eclipse.e4.core.di.annotations_1.8.400.v20240413-1529.jar;C:\Users\soumya.kj\.katalon\packages\KSE-10.4.3\plugins\net.minidev.json-smart_2.5.2.jar;C:\Users\soumya.kj\.katalon\packages\KSE-10.4.3\plugins\com.kms.katalon.core.webui_1.0.0.202512220625.jar;C:\Users\soumya.kj\.katalon\packages\KSE-10.4.3\plugins\org.seleniumhq.selenium.selenium-support_4.34.0.jar;C:\Users\soumya.kj\.katalon\packages\KSE-10.4.3\plugins\org.seleniumhq.selenium.selenium-devtools-v142_4.38.0.jar;C:\Users\soumya.kj\.katalon\packages\KSE-10.4.3\plugins\com.kms.katalon.core.mobile_1.0.0.202512220625.jar;C:\Users\soumya.kj\.katalon\packages\KSE-10.4.3\plugins\org.apache.commons.commons-validator_1.7.0.jar;C:\Users\soumya.kj\.katalon\packages\KSE-10.4.3\plugins\org.xmlunit.xmlunit-core_2.10.3.jar;C:\Users\soumya.kj\.katalon\packages\KSE-10.4.3\plugins\com.kms.katalon.core.cucumber_1.0.0.202512220625.jar;C:\Users\soumya.kj\.katalon\packages\KSE-10.4.3\plugins\io.cucumber.core_3.0.3.jar;C:\Users\soumya.kj\.katalon\packages\KSE-10.4.3\plugins\io.cucumber.datatable_1.1.16.jar;C:\Users\soumya.kj\.katalon\packages\KSE-10.4.3\plugins\io.cucumber.datatable-dependencies_1.1.16.jar;C:\Users\soumya.kj\.katalon\packages\KSE-10.4.3\plugins\io.cucumber.expressions_5.0.19.jar;C:\Users\soumya.kj\.katalon\packages\KSE-10.4.3\plugins\io.cucumber.gherkin_5.0.0.jar;C:\Users\soumya.kj\.katalon\packages\KSE-10.4.3\plugins\io.cucumber.html_0.2.7.jar;C:\Users\soumya.kj\.katalon\packages\KSE-10.4.3\plugins\io.cucumber.java_3.0.3.jar;C:\Users\soumya.kj\.katalon\packages\KSE-10.4.3\plugins\io.cucumber.tag-expressions_1.1.1.jar;C:\Users\soumya.kj\.katalon\packages\KSE-10.4.3\plugins\io.cucumber.junit_3.0.3.jar;C:\Users\soumya.kj\.katalon\packages\KSE-10.4.3\plugins\com.kms.katalon.core.webservice_1.0.0.202512220625.jar;C:\Users\soumya.kj\.katalon\packages\KSE-10.4.3\plugins\wsdl4j_1.6.2.jar;C:\Users\soumya.kj\.katalon\packages\KSE-10.4.3\plugins\com.google.oauth-client.google-oauth-client_1.22.0.jar;C:\Users\soumya.kj\.katalon\packages\KSE-10.4.3\plugins\com.google.http-client.google-http-client_1.22.0.jar;C:\Users\soumya.kj\.katalon\packages\KSE-10.4.3\plugins\com.kms.katalon.preferences_1.0.0.202512220625.jar;C:\Users\soumya.kj\.katalon\packages\KSE-10.4.3\plugins\org.apache.xmlbeans_3.1.0.jar;C:\Users\soumya.kj\.katalon\packages\KSE-10.4.3\plugins\com.kms.katalon.entity_1.0.0.202512220625.jar;C:\Users\soumya.kj\.katalon\packages\KSE-10.4.3\plugins\jakarta.xml.ws-api_2.3.3.jar;C:\Users\soumya.kj\.katalon\packages\KSE-10.4.3\plugins\javax.xml.soap-api_1.4.0.jar;C:\Users\soumya.kj\.katalon\packages\KSE-10.4.3\plugins\com.atlassian.oai.swagger-request-validator-core_2.38.0.jar;C:\Users\soumya.kj\.katalon\packages\KSE-10.4.3\plugins\io.swagger.compat-spec-parser_1.0.67.jar;C:\Users\soumya.kj\.katalon\packages\KSE-10.4.3\plugins\io.swagger.core.v3.swagger-annotations_2.2.14.jar;C:\Users\soumya.kj\.katalon\packages\KSE-10.4.3\plugins\io.swagger.core.v3.swagger-core_2.2.14.jar;C:\Users\soumya.kj\.katalon\packages\KSE-10.4.3\plugins\io.swagger.core.v3.swagger-models_2.2.14.jar;C:\Users\soumya.kj\.katalon\packages\KSE-10.4.3\plugins\io.swagger.parser.v3.swagger-parser-core_2.1.16.jar;C:\Users\soumya.kj\.katalon\packages\KSE-10.4.3\plugins\io.swagger.parser.v3.swagger-parser-v2-converter_2.1.16.jar;C:\Users\soumya.kj\.katalon\packages\KSE-10.4.3\plugins\com.github.java-json-tools.btf_1.3.0.jar;C:\Users\soumya.kj\.katalon\packages\KSE-10.4.3\plugins\com.fasterxml.jackson.dataformat.jackson-dataformat-yaml_2.18.3.jar;C:\Users\soumya.kj\.katalon\packages\KSE-10.4.3\plugins\org.yaml.snakeyaml_2.3.0.jar;C:\Users\soumya.kj\.katalon\packages\KSE-10.4.3\plugins\com.github.java-json-tools.msg-simple_1.2.0.jar;C:\Users\soumya.kj\.katalon\packages\KSE-10.4.3\plugins\jackson-core-asl_1.9.13.jar;C:\Users\soumya.kj\.katalon\packages\KSE-10.4.3\plugins\joda-time_2.10.5.jar;C:\Users\soumya.kj\.katalon\packages\KSE-10.4.3\plugins\javax.mail-api_1.6.2.jar;C:\Users\soumya.kj\.katalon\packages\KSE-10.4.3\plugins\com.googlecode.libphonenumber_8.11.1.jar;C:\Users\soumya.kj\.katalon\packages\KSE-10.4.3\plugins\com.google.guava.failureaccess_1.0.3.jar;C:\Users\soumya.kj\.katalon\packages\KSE-10.4.3\plugins\io.swagger.parser.v3.swagger-parser_2.1.16.jar;C:\Users\soumya.kj\.katalon\packages\KSE-10.4.3\plugins\io.swagger.parser.v3.swagger-parser-v3_2.1.16.jar;C:\Users\soumya.kj\.katalon\packages\KSE-10.4.3\plugins\io.swagger.parser_1.0.67.jar;C:\Users\soumya.kj\.katalon\packages\KSE-10.4.3\plugins\com.narupley.not-going-to-be-commons-ssl_0.3.20.jar;C:\Users\soumya.kj\.katalon\packages\KSE-10.4.3\plugins\com.kms.katalon.core.windows_1.0.0.202512220625.jar;C:\Users\soumya.kj\.katalon\packages\KSE-10.4.3\plugins\net.lingala.zip4j_2.11.5.jar;C:\Users\soumya.kj\.katalon\packages\KSE-10.4.3\plugins\com.kms.katalon.core.testng_1.0.0.202512220625.jar;C:\Users\soumya.kj\.katalon\packages\KSE-10.4.3\plugins\org.testng_7.8.0.jar;C:\Users\soumya.kj\.katalon\packages\KSE-10.4.3\plugins\com.beust.jcommander_1.82.0.jar;C:\Users\soumya.kj\.katalon\packages\KSE-10.4.3\plugins\org.codehaus.groovy_3.0.23.v202501010125-e2412\lib\groovy-3.0.23-indy.jar;C:\Users\soumya.kj\.katalon\packages\KSE-10.4.3\plugins\org.codehaus.groovy_3.0.23.v202501010125-e2412\lib\ivy-2.5.2.jar --main groovy.ui.GroovyMain --encoding UTF-8 --indy C:\Users\soumya.kj\Katalon Studio\Workoutput\Libs\TempTestCase1775632756685.groovy

Host: Intel(R) Core(TM) i3-8100 CPU @ 3.60GHz, 4 cores, 11G,  Windows 11 , 64 bit Build 26100 (10.0.26100.7920)
Time: Wed Apr  8 12:49:40 2026 India Standard Time elapsed time: 22.486257 seconds (0d 0h 0m 22s)

---------------  T H R E A D  ---------------

Current thread (0x000001edb45804c0):  JavaThread "C2 CompilerThread0" daemon [_thread_in_native, id=29568, stack(0x0000004fb6500000,0x0000004fb6600000)]


Current CompileTask:
C2:  22486 8354       4       org.openqa.selenium.SharedCapabilitiesMethods::abbreviate (274 bytes)

Stack: [0x0000004fb6500000,0x0000004fb6600000]
Native frames: (J=compiled Java code, j=interpreted, Vv=VM code, C=native code)
V  [jvm.dll+0x682eb9]
V  [jvm.dll+0x8399c8]
V  [jvm.dll+0x83b473]
V  [jvm.dll+0x83bae3]
V  [jvm.dll+0x24715f]
V  [jvm.dll+0xace44]
V  [jvm.dll+0xad4dc]
V  [jvm.dll+0x365b0f]
V  [jvm.dll+0x32fd58]
V  [jvm.dll+0x32f1da]
V  [jvm.dll+0x21814f]
V  [jvm.dll+0x21758f]
V  [jvm.dll+0x1a3150]
V  [jvm.dll+0x22799c]
V  [jvm.dll+0x225afb]
V  [jvm.dll+0x7ef128]
V  [jvm.dll+0x7e948c]
V  [jvm.dll+0x681d97]
C  [ucrtbase.dll+0x37b0]
C  [KERNEL32.DLL+0x2e8d7]
C  [ntdll.dll+0x8c48c]


---------------  P R O C E S S  ---------------

Threads class SMR info:
_java_thread_list=0x000001edb98d7e00, length=33, elements={
0x000001ed9ae1dac0, 0x000001edb4513780, 0x000001edb4516d90, 0x000001edb4534740,
0x000001edb4535210, 0x000001edb4536940, 0x000001edb4537300, 0x000001edb45804c0,
0x000001edb458c8f0, 0x000001edb45ee9d0, 0x000001edb4801dc0, 0x000001edb99cc350,
0x000001edbc1879d0, 0x000001edbc186080, 0x000001edbc1874c0, 0x000001edbc186590,
0x000001edbc186aa0, 0x000001edb46f53d0, 0x000001edb46f3f90, 0x000001edb46f49b0,
0x000001edb46f44a0, 0x000001edb46f3060, 0x000001edb46f4ec0, 0x000001edb46f5df0,
0x000001edb46f3570, 0x000001edb46f6300, 0x000001edb46f58e0, 0x000001edb46f6810,
0x000001edbc629850, 0x000001edbc628410, 0x000001edbc62a270, 0x000001edbc627f00,
0x000001edbc628e30
}

Java Threads: ( => current thread )
  0x000001ed9ae1dac0 JavaThread "Forwarding findElements on session 7c673db49c8d0298a914cccf952efd7a to remote" [_thread_in_Java, id=23376, stack(0x0000004fb5800000,0x0000004fb5900000)]
  0x000001edb4513780 JavaThread "Reference Handler" daemon [_thread_blocked, id=12728, stack(0x0000004fb5f00000,0x0000004fb6000000)]
  0x000001edb4516d90 JavaThread "Finalizer" daemon [_thread_blocked, id=35072, stack(0x0000004fb6000000,0x0000004fb6100000)]
  0x000001edb4534740 JavaThread "Signal Dispatcher" daemon [_thread_blocked, id=4404, stack(0x0000004fb6100000,0x0000004fb6200000)]
  0x000001edb4535210 JavaThread "Attach Listener" daemon [_thread_blocked, id=36732, stack(0x0000004fb6200000,0x0000004fb6300000)]
  0x000001edb4536940 JavaThread "Service Thread" daemon [_thread_blocked, id=41880, stack(0x0000004fb6300000,0x0000004fb6400000)]
  0x000001edb4537300 JavaThread "Monitor Deflation Thread" daemon [_thread_blocked, id=39116, stack(0x0000004fb6400000,0x0000004fb6500000)]
=>0x000001edb45804c0 JavaThread "C2 CompilerThread0" daemon [_thread_in_native, id=29568, stack(0x0000004fb6500000,0x0000004fb6600000)]
  0x000001edb458c8f0 JavaThread "C1 CompilerThread0" daemon [_thread_blocked, id=34856, stack(0x0000004fb6600000,0x0000004fb6700000)]
  0x000001edb45ee9d0 JavaThread "Sweeper thread" daemon [_thread_blocked, id=18916, stack(0x0000004fb6700000,0x0000004fb6800000)]
  0x000001edb4801dc0 JavaThread "Common-Cleaner" daemon [_thread_blocked, id=39720, stack(0x0000004fb6800000,0x0000004fb6900000)]
  0x000001edb99cc350 JavaThread "Notification Thread" daemon [_thread_blocked, id=37172, stack(0x0000004fb6d00000,0x0000004fb6e00000)]
  0x000001edbc1879d0 JavaThread "ForkJoinPool.commonPool-worker-1" daemon [_thread_blocked, id=22644, stack(0x0000004fb6f00000,0x0000004fb7000000)]
  0x000001edbc186080 JavaThread "HttpClient-1-SelectorManager" daemon [_thread_in_native, id=14472, stack(0x0000004fb7000000,0x0000004fb7100000)]
  0x000001edbc1874c0 JavaThread "External Process Output Forwarder - C:\Users\soumya.kj\.katalon\packages\KSE-10.4.3\configuration\resources\drivers\chromedriver_win32\chromedriver.exe" daemon [_thread_in_native, id=26280, stack(0x0000004fb7100000,0x0000004fb7200000)]
  0x000001edbc186590 JavaThread "Driver Service Executor" daemon [_thread_blocked, id=36128, stack(0x0000004fb7200000,0x0000004fb7300000)]
  0x000001edbc186aa0 JavaThread "Driver Service Executor" daemon [_thread_in_native, id=8032, stack(0x0000004fb7300000,0x0000004fb7400000)]
  0x000001edb46f53d0 JavaThread "UrlChecker-2" daemon [_thread_blocked, id=21368, stack(0x0000004fb7400000,0x0000004fb7500000)]
  0x000001edb46f3f90 JavaThread "JdkHttpClient-0-0" daemon [_thread_blocked, id=38620, stack(0x0000004fb7700000,0x0000004fb7800000)]
  0x000001edb46f49b0 JavaThread "CompletableFutureDelayScheduler" daemon [_thread_blocked, id=5632, stack(0x0000004fb7800000,0x0000004fb7900000)]
  0x000001edb46f44a0 JavaThread "JdkHttpClient-0-1" daemon [_thread_blocked, id=39136, stack(0x0000004fb7900000,0x0000004fb7a00000)]
  0x000001edb46f3060 JavaThread "JdkHttpClient-0-2" daemon [_thread_blocked, id=33912, stack(0x0000004fb7a00000,0x0000004fb7b00000)]
  0x000001edb46f4ec0 JavaThread "JdkHttpClient-0-3" daemon [_thread_in_Java, id=28916, stack(0x0000004fb7b00000,0x0000004fb7c00000)]
  0x000001edb46f5df0 JavaThread "HttpClient-2-SelectorManager" daemon [_thread_in_native, id=5364, stack(0x0000004fb6c00000,0x0000004fb6d00000)]
  0x000001edb46f3570 JavaThread "JdkHttpClient-1-0" daemon [_thread_blocked, id=16420, stack(0x0000004fb7d00000,0x0000004fb7e00000)]
  0x000001edb46f6300 JavaThread "JdkHttpClient-1-1" daemon [_thread_blocked, id=40976, stack(0x0000004fb7e00000,0x0000004fb7f00000)]
  0x000001edb46f58e0 JavaThread "JdkHttpClient-1-2" daemon [_thread_blocked, id=37640, stack(0x0000004fb7f00000,0x0000004fb8000000)]
  0x000001edb46f6810 JavaThread "HttpClient-3-SelectorManager" daemon [_thread_in_native, id=22844, stack(0x0000004fb8000000,0x0000004fb8100000)]
  0x000001edbc629850 JavaThread "JdkHttpClient-2-0" daemon [_thread_blocked, id=39464, stack(0x0000004fb8100000,0x0000004fb8200000)]
  0x000001edbc628410 JavaThread "JdkHttpClient-2-1" daemon [_thread_blocked, id=9852, stack(0x0000004fb8200000,0x0000004fb8300000)]
  0x000001edbc62a270 JavaThread "JdkHttpClient-2-2" daemon [_thread_blocked, id=20564, stack(0x0000004fb8300000,0x0000004fb8400000)]
  0x000001edbc627f00 JavaThread "JdkHttpClient-2-3" daemon [_thread_blocked, id=22964, stack(0x0000004fb8400000,0x0000004fb8500000)]
  0x000001edbc628e30 JavaThread "BiDi Connection" daemon [_thread_blocked, id=35876, stack(0x0000004fb8500000,0x0000004fb8600000)]

Other Threads:
  0x000001edb450fa40 VMThread "VM Thread" [stack: 0x0000004fb5e00000,0x0000004fb5f00000] [id=38844]
  0x000001edb99cc830 WatcherThread [stack: 0x0000004fb6e00000,0x0000004fb6f00000] [id=19308]
  0x000001ed9ae7b110 GCTaskThread "GC Thread#0" [stack: 0x0000004fb5900000,0x0000004fb5a00000] [id=41448]
  0x000001edb91e0150 GCTaskThread "GC Thread#1" [stack: 0x0000004fb6900000,0x0000004fb6a00000] [id=41636]
  0x000001edb92a0b10 GCTaskThread "GC Thread#2" [stack: 0x0000004fb6a00000,0x0000004fb6b00000] [id=38120]
  0x000001edb92a0dd0 GCTaskThread "GC Thread#3" [stack: 0x0000004fb6b00000,0x0000004fb6c00000] [id=39232]
  0x000001ed9ae8d4d0 ConcurrentGCThread "G1 Main Marker" [stack: 0x0000004fb5a00000,0x0000004fb5b00000] [id=38724]
  0x000001ed9ae8def0 ConcurrentGCThread "G1 Conc#0" [stack: 0x0000004fb5b00000,0x0000004fb5c00000] [id=41036]
  0x000001ed9ae9d920 ConcurrentGCThread "G1 Refine#0" [stack: 0x0000004fb5c00000,0x0000004fb5d00000] [id=38368]
  0x000001ed9ae9e5f0 ConcurrentGCThread "G1 Service" [stack: 0x0000004fb5d00000,0x0000004fb5e00000] [id=32076]

Threads with active compile tasks:
C2 CompilerThread0    22517 8354       4       org.openqa.selenium.SharedCapabilitiesMethods::abbreviate (274 bytes)

VM state: not at safepoint (normal execution)

VM Mutex/Monitor currently owned by a thread: None

Heap address: 0x0000000080000000, size: 2048 MB, Compressed Oops mode: 32-bit

CDS archive(s) not mapped
Compressed class space mapped at: 0x0000000100000000-0x0000000140000000, reserved size: 1073741824
Narrow klass base: 0x0000000000000000, Narrow klass shift: 3, Narrow klass range: 0x140000000

GC Precious Log:
 CPUs: 4 total, 4 available
 Memory: 12111M
 Large Page Support: Disabled
 NUMA Support: Disabled
 Compressed Oops: Enabled (32-bit)
 Heap Region Size: 1M
 Heap Min Capacity: 8M
 Heap Initial Capacity: 190M
 Heap Max Capacity: 2G
 Pre-touch: Disabled
 Parallel Workers: 4
 Concurrent Workers: 1
 Concurrent Refinement Workers: 4
 Periodic GC: Disabled

Heap:
 garbage-first heap   total 112640K, used 66431K [0x0000000080000000, 0x0000000100000000)
  region size 1024K, 28 young (28672K), 4 survivors (4096K)
 Metaspace       used 57199K, committed 57920K, reserved 1114112K
  class space    used 6635K, committed 6976K, reserved 1048576K

Heap Regions: E=young(eden), S=young(survivor), O=old, HS=humongous(starts), HC=humongous(continues), CS=collection set, F=free, OA=open archive, CA=closed archive, TAMS=top-at-mark-start (previous, next)
|   0|0x0000000080000000, 0x0000000080100000, 0x0000000080100000|100%|HS|  |TAMS 0x0000000080100000, 0x0000000080000000| Complete 
|   1|0x0000000080100000, 0x0000000080200000, 0x0000000080200000|100%|HS|  |TAMS 0x0000000080200000, 0x0000000080100000| Complete 
|   2|0x0000000080200000, 0x0000000080300000, 0x0000000080300000|100%| O|  |TAMS 0x0000000080300000, 0x0000000080200000| Untracked 
|   3|0x0000000080300000, 0x0000000080400000, 0x0000000080400000|100%| O|  |TAMS 0x0000000080400000, 0x0000000080300000| Untracked 
|   4|0x0000000080400000, 0x0000000080500000, 0x0000000080500000|100%| O|  |TAMS 0x0000000080500000, 0x0000000080400000| Untracked 
|   5|0x0000000080500000, 0x0000000080600000, 0x0000000080600000|100%| O|  |TAMS 0x0000000080600000, 0x0000000080500000| Untracked 
|   6|0x0000000080600000, 0x0000000080700000, 0x0000000080700000|100%| O|  |TAMS 0x0000000080700000, 0x0000000080600000| Untracked 
|   7|0x0000000080700000, 0x0000000080800000, 0x0000000080800000|100%| O|  |TAMS 0x0000000080800000, 0x0000000080700000| Untracked 
|   8|0x0000000080800000, 0x0000000080900000, 0x0000000080900000|100%| O|  |TAMS 0x0000000080900000, 0x0000000080800000| Untracked 
|   9|0x0000000080900000, 0x0000000080a00000, 0x0000000080a00000|100%| O|  |TAMS 0x0000000080a00000, 0x0000000080900000| Untracked 
|  10|0x0000000080a00000, 0x0000000080b00000, 0x0000000080b00000|100%| O|  |TAMS 0x0000000080b00000, 0x0000000080a00000| Untracked 
|  11|0x0000000080b00000, 0x0000000080c00000, 0x0000000080c00000|100%| O|  |TAMS 0x0000000080c00000, 0x0000000080b00000| Untracked 
|  12|0x0000000080c00000, 0x0000000080d00000, 0x0000000080d00000|100%| O|  |TAMS 0x0000000080d00000, 0x0000000080c00000| Untracked 
|  13|0x0000000080d00000, 0x0000000080d31c00, 0x0000000080e00000| 19%| O|  |TAMS 0x0000000080d31c00, 0x0000000080d00000| Untracked 
|  14|0x0000000080e00000, 0x0000000080f00000, 0x0000000080f00000|100%| O|  |TAMS 0x0000000080f00000, 0x0000000080e00000| Untracked 
|  15|0x0000000080f00000, 0x0000000081000000, 0x0000000081000000|100%| O|  |TAMS 0x0000000081000000, 0x0000000080f00000| Untracked 
|  16|0x0000000081000000, 0x0000000081100000, 0x0000000081100000|100%| O|  |TAMS 0x0000000081100000, 0x0000000081000000| Untracked 
|  17|0x0000000081100000, 0x0000000081200000, 0x0000000081200000|100%| O|  |TAMS 0x0000000081200000, 0x0000000081100000| Untracked 
|  18|0x0000000081200000, 0x0000000081300000, 0x0000000081300000|100%| O|  |TAMS 0x0000000081300000, 0x0000000081200000| Untracked 
|  19|0x0000000081300000, 0x0000000081400000, 0x0000000081400000|100%| O|  |TAMS 0x0000000081400000, 0x0000000081300000| Untracked 
|  20|0x0000000081400000, 0x0000000081500000, 0x0000000081500000|100%| O|  |TAMS 0x000000008146be00, 0x0000000081400000| Untracked 
|  21|0x0000000081500000, 0x0000000081600000, 0x0000000081600000|100%| O|  |TAMS 0x0000000081500000, 0x0000000081500000| Untracked 
|  22|0x0000000081600000, 0x0000000081700000, 0x0000000081700000|100%| O|  |TAMS 0x0000000081600000, 0x0000000081600000| Untracked 
|  23|0x0000000081700000, 0x0000000081800000, 0x0000000081800000|100%| O|  |TAMS 0x0000000081700000, 0x0000000081700000| Untracked 
|  24|0x0000000081800000, 0x0000000081900000, 0x0000000081900000|100%| O|  |TAMS 0x0000000081800000, 0x0000000081800000| Untracked 
|  25|0x0000000081900000, 0x0000000081a00000, 0x0000000081a00000|100%| O|  |TAMS 0x0000000081900000, 0x0000000081900000| Untracked 
|  26|0x0000000081a00000, 0x0000000081b00000, 0x0000000081b00000|100%| O|  |TAMS 0x0000000081a00000, 0x0000000081a00000| Untracked 
|  27|0x0000000081b00000, 0x0000000081c00000, 0x0000000081c00000|100%| O|  |TAMS 0x0000000081b00000, 0x0000000081b00000| Untracked 
|  28|0x0000000081c00000, 0x0000000081d00000, 0x0000000081d00000|100%| O|  |TAMS 0x0000000081d00000, 0x0000000081c00000| Untracked 
|  29|0x0000000081d00000, 0x0000000081e00000, 0x0000000081e00000|100%| O|  |TAMS 0x0000000081d00000, 0x0000000081d00000| Untracked 
|  30|0x0000000081e00000, 0x0000000081f00000, 0x0000000081f00000|100%| O|  |TAMS 0x0000000081e00000, 0x0000000081e00000| Untracked 
|  31|0x0000000081f00000, 0x0000000082000000, 0x0000000082000000|100%| O|  |TAMS 0x0000000081f00000, 0x0000000081f00000| Untracked 
|  32|0x0000000082000000, 0x0000000082100000, 0x0000000082100000|100%| O|  |TAMS 0x0000000082000000, 0x0000000082000000| Untracked 
|  33|0x0000000082100000, 0x0000000082200000, 0x0000000082200000|100%| O|  |TAMS 0x0000000082100000, 0x0000000082100000| Untracked 
|  34|0x0000000082200000, 0x0000000082300000, 0x0000000082300000|100%| O|  |TAMS 0x0000000082200000, 0x0000000082200000| Untracked 
|  35|0x0000000082300000, 0x0000000082400000, 0x0000000082400000|100%| O|  |TAMS 0x0000000082300000, 0x0000000082300000| Untracked 
|  36|0x0000000082400000, 0x0000000082500000, 0x0000000082500000|100%| O|  |TAMS 0x0000000082400000, 0x0000000082400000| Untracked 
|  37|0x0000000082500000, 0x0000000082600000, 0x0000000082600000|100%| O|  |TAMS 0x0000000082500000, 0x0000000082500000| Untracked 
|  38|0x0000000082600000, 0x00000000826ae000, 0x0000000082700000| 67%| O|  |TAMS 0x0000000082600000, 0x0000000082600000| Untracked 
|  39|0x0000000082700000, 0x0000000082700000, 0x0000000082800000|  0%| F|  |TAMS 0x0000000082700000, 0x0000000082700000| Untracked 
|  40|0x0000000082800000, 0x0000000082800000, 0x0000000082900000|  0%| F|  |TAMS 0x0000000082800000, 0x0000000082800000| Untracked 
|  41|0x0000000082900000, 0x0000000082900000, 0x0000000082a00000|  0%| F|  |TAMS 0x0000000082900000, 0x0000000082900000| Untracked 
|  42|0x0000000082a00000, 0x0000000082a00000, 0x0000000082b00000|  0%| F|  |TAMS 0x0000000082a00000, 0x0000000082a00000| Untracked 
|  43|0x0000000082b00000, 0x0000000082b00000, 0x0000000082c00000|  0%| F|  |TAMS 0x0000000082b00000, 0x0000000082b00000| Untracked 
|  44|0x0000000082c00000, 0x0000000082c00000, 0x0000000082d00000|  0%| F|  |TAMS 0x0000000082c00000, 0x0000000082c00000| Untracked 
|  45|0x0000000082d00000, 0x0000000082d00000, 0x0000000082e00000|  0%| F|  |TAMS 0x0000000082d00000, 0x0000000082d00000| Untracked 
|  46|0x0000000082e00000, 0x0000000082e00000, 0x0000000082f00000|  0%| F|  |TAMS 0x0000000082e00000, 0x0000000082e00000| Untracked 
|  47|0x0000000082f00000, 0x0000000082f00000, 0x0000000083000000|  0%| F|  |TAMS 0x0000000082f00000, 0x0000000082f00000| Untracked 
|  48|0x0000000083000000, 0x0000000083000000, 0x0000000083100000|  0%| F|  |TAMS 0x0000000083000000, 0x0000000083000000| Untracked 
|  49|0x0000000083100000, 0x0000000083100000, 0x0000000083200000|  0%| F|  |TAMS 0x0000000083100000, 0x0000000083100000| Untracked 
|  50|0x0000000083200000, 0x0000000083200000, 0x0000000083300000|  0%| F|  |TAMS 0x0000000083200000, 0x0000000083200000| Untracked 
|  51|0x0000000083300000, 0x0000000083300000, 0x0000000083400000|  0%| F|  |TAMS 0x0000000083300000, 0x0000000083300000| Untracked 
|  52|0x0000000083400000, 0x0000000083400000, 0x0000000083500000|  0%| F|  |TAMS 0x0000000083400000, 0x0000000083400000| Untracked 
|  53|0x0000000083500000, 0x0000000083500000, 0x0000000083600000|  0%| F|  |TAMS 0x0000000083500000, 0x0000000083500000| Untracked 
|  54|0x0000000083600000, 0x0000000083600000, 0x0000000083700000|  0%| F|  |TAMS 0x0000000083600000, 0x0000000083600000| Untracked 
|  55|0x0000000083700000, 0x0000000083700000, 0x0000000083800000|  0%| F|  |TAMS 0x0000000083700000, 0x0000000083700000| Untracked 
|  56|0x0000000083800000, 0x0000000083800000, 0x0000000083900000|  0%| F|  |TAMS 0x0000000083800000, 0x0000000083800000| Untracked 
|  57|0x0000000083900000, 0x0000000083a00000, 0x0000000083a00000|100%| S|CS|TAMS 0x0000000083900000, 0x0000000083900000| Complete 
|  58|0x0000000083a00000, 0x0000000083b00000, 0x0000000083b00000|100%| S|CS|TAMS 0x0000000083a00000, 0x0000000083a00000| Complete 
|  59|0x0000000083b00000, 0x0000000083c00000, 0x0000000083c00000|100%| S|CS|TAMS 0x0000000083b00000, 0x0000000083b00000| Complete 
|  60|0x0000000083c00000, 0x0000000083c00000, 0x0000000083d00000|  0%| F|  |TAMS 0x0000000083c00000, 0x0000000083c00000| Untracked 
|  61|0x0000000083d00000, 0x0000000083e00000, 0x0000000083e00000|100%| S|CS|TAMS 0x0000000083d00000, 0x0000000083d00000| Complete 
|  62|0x0000000083e00000, 0x0000000083e00000, 0x0000000083f00000|  0%| F|  |TAMS 0x0000000083e00000, 0x0000000083e00000| Untracked 
|  63|0x0000000083f00000, 0x0000000083f00000, 0x0000000084000000|  0%| F|  |TAMS 0x0000000083f00000, 0x0000000083f00000| Untracked 
|  64|0x0000000084000000, 0x0000000084000000, 0x0000000084100000|  0%| F|  |TAMS 0x0000000084000000, 0x0000000084000000| Untracked 
|  65|0x0000000084100000, 0x0000000084100000, 0x0000000084200000|  0%| F|  |TAMS 0x0000000084100000, 0x0000000084100000| Untracked 
|  66|0x0000000084200000, 0x0000000084200000, 0x0000000084300000|  0%| F|  |TAMS 0x0000000084200000, 0x0000000084200000| Untracked 
|  67|0x0000000084300000, 0x0000000084300000, 0x0000000084400000|  0%| F|  |TAMS 0x0000000084300000, 0x0000000084300000| Untracked 
|  68|0x0000000084400000, 0x0000000084400000, 0x0000000084500000|  0%| F|  |TAMS 0x0000000084400000, 0x0000000084400000| Untracked 
|  69|0x0000000084500000, 0x0000000084500000, 0x0000000084600000|  0%| F|  |TAMS 0x0000000084500000, 0x0000000084500000| Untracked 
|  70|0x0000000084600000, 0x0000000084600000, 0x0000000084700000|  0%| F|  |TAMS 0x0000000084600000, 0x0000000084600000| Untracked 
|  71|0x0000000084700000, 0x0000000084700000, 0x0000000084800000|  0%| F|  |TAMS 0x0000000084700000, 0x0000000084700000| Untracked 
|  72|0x0000000084800000, 0x0000000084800000, 0x0000000084900000|  0%| F|  |TAMS 0x0000000084800000, 0x0000000084800000| Untracked 
|  73|0x0000000084900000, 0x0000000084900000, 0x0000000084a00000|  0%| F|  |TAMS 0x0000000084900000, 0x0000000084900000| Untracked 
|  74|0x0000000084a00000, 0x0000000084a00000, 0x0000000084b00000|  0%| F|  |TAMS 0x0000000084a00000, 0x0000000084a00000| Untracked 
|  75|0x0000000084b00000, 0x0000000084b00000, 0x0000000084c00000|  0%| F|  |TAMS 0x0000000084b00000, 0x0000000084b00000| Untracked 
|  76|0x0000000084c00000, 0x0000000084c00000, 0x0000000084d00000|  0%| F|  |TAMS 0x0000000084c00000, 0x0000000084c00000| Untracked 
|  77|0x0000000084d00000, 0x0000000084d00000, 0x0000000084e00000|  0%| F|  |TAMS 0x0000000084d00000, 0x0000000084d00000| Untracked 
|  78|0x0000000084e00000, 0x0000000084e00000, 0x0000000084f00000|  0%| F|  |TAMS 0x0000000084e00000, 0x0000000084e00000| Untracked 
|  79|0x0000000084f00000, 0x0000000084f00000, 0x0000000085000000|  0%| F|  |TAMS 0x0000000084f00000, 0x0000000084f00000| Untracked 
|  80|0x0000000085000000, 0x0000000085000000, 0x0000000085100000|  0%| F|  |TAMS 0x0000000085000000, 0x0000000085000000| Untracked 
|  81|0x0000000085100000, 0x0000000085100000, 0x0000000085200000|  0%| F|  |TAMS 0x0000000085100000, 0x0000000085100000| Untracked 
|  82|0x0000000085200000, 0x0000000085200000, 0x0000000085300000|  0%| F|  |TAMS 0x0000000085200000, 0x0000000085200000| Untracked 
|  83|0x0000000085300000, 0x0000000085300000, 0x0000000085400000|  0%| F|  |TAMS 0x0000000085300000, 0x0000000085300000| Untracked 
|  84|0x0000000085400000, 0x0000000085400000, 0x0000000085500000|  0%| F|  |TAMS 0x0000000085400000, 0x0000000085400000| Untracked 
|  85|0x0000000085500000, 0x0000000085500000, 0x0000000085600000|  0%| F|  |TAMS 0x0000000085500000, 0x0000000085500000| Untracked 
|  86|0x0000000085600000, 0x000000008569f4a0, 0x0000000085700000| 62%| E|  |TAMS 0x0000000085600000, 0x0000000085600000| Complete 
|  87|0x0000000085700000, 0x0000000085800000, 0x0000000085800000|100%| E|CS|TAMS 0x0000000085700000, 0x0000000085700000| Complete 
|  88|0x0000000085800000, 0x0000000085900000, 0x0000000085900000|100%| E|CS|TAMS 0x0000000085800000, 0x0000000085800000| Complete 
|  89|0x0000000085900000, 0x0000000085a00000, 0x0000000085a00000|100%| E|CS|TAMS 0x0000000085900000, 0x0000000085900000| Complete 
|  90|0x0000000085a00000, 0x0000000085b00000, 0x0000000085b00000|100%| E|CS|TAMS 0x0000000085a00000, 0x0000000085a00000| Complete 
|  91|0x0000000085b00000, 0x0000000085c00000, 0x0000000085c00000|100%| E|CS|TAMS 0x0000000085b00000, 0x0000000085b00000| Complete 
|  92|0x0000000085c00000, 0x0000000085d00000, 0x0000000085d00000|100%| E|CS|TAMS 0x0000000085c00000, 0x0000000085c00000| Complete 
|  93|0x0000000085d00000, 0x0000000085e00000, 0x0000000085e00000|100%| E|CS|TAMS 0x0000000085d00000, 0x0000000085d00000| Complete 
|  94|0x0000000085e00000, 0x0000000085f00000, 0x0000000085f00000|100%| E|CS|TAMS 0x0000000085e00000, 0x0000000085e00000| Complete 
|  95|0x0000000085f00000, 0x0000000086000000, 0x0000000086000000|100%| E|CS|TAMS 0x0000000085f00000, 0x0000000085f00000| Complete 
|  96|0x0000000086000000, 0x0000000086100000, 0x0000000086100000|100%| E|CS|TAMS 0x0000000086000000, 0x0000000086000000| Complete 
|  97|0x0000000086100000, 0x0000000086200000, 0x0000000086200000|100%| E|CS|TAMS 0x0000000086100000, 0x0000000086100000| Complete 
|  98|0x0000000086200000, 0x0000000086300000, 0x0000000086300000|100%| E|CS|TAMS 0x0000000086200000, 0x0000000086200000| Complete 
|  99|0x0000000086300000, 0x0000000086400000, 0x0000000086400000|100%| E|CS|TAMS 0x0000000086300000, 0x0000000086300000| Complete 
| 100|0x0000000086400000, 0x0000000086500000, 0x0000000086500000|100%| E|CS|TAMS 0x0000000086400000, 0x0000000086400000| Complete 
| 101|0x0000000086500000, 0x0000000086600000, 0x0000000086600000|100%| E|CS|TAMS 0x0000000086500000, 0x0000000086500000| Complete 
| 121|0x0000000087900000, 0x0000000087a00000, 0x0000000087a00000|100%| E|CS|TAMS 0x0000000087900000, 0x0000000087900000| Complete 
| 122|0x0000000087a00000, 0x0000000087b00000, 0x0000000087b00000|100%| E|CS|TAMS 0x0000000087a00000, 0x0000000087a00000| Complete 
| 123|0x0000000087b00000, 0x0000000087c00000, 0x0000000087c00000|100%| E|CS|TAMS 0x0000000087b00000, 0x0000000087b00000| Complete 
| 124|0x0000000087c00000, 0x0000000087d00000, 0x0000000087d00000|100%| E|CS|TAMS 0x0000000087c00000, 0x0000000087c00000| Complete 
| 125|0x0000000087d00000, 0x0000000087e00000, 0x0000000087e00000|100%| E|CS|TAMS 0x0000000087d00000, 0x0000000087d00000| Complete 
| 126|0x0000000087e00000, 0x0000000087f00000, 0x0000000087f00000|100%| E|CS|TAMS 0x0000000087e00000, 0x0000000087e00000| Complete 
| 127|0x0000000087f00000, 0x0000000088000000, 0x0000000088000000|100%| E|CS|TAMS 0x0000000087f00000, 0x0000000087f00000| Complete 
| 189|0x000000008bd00000, 0x000000008be00000, 0x000000008be00000|100%| E|CS|TAMS 0x000000008bd00000, 0x000000008bd00000| Complete 

Card table byte_map: [0x000001edad780000,0x000001edadb80000] _byte_map_base: 0x000001edad380000

Marking Bits (Prev, Next): (CMBitMap*) 0x000001ed9ae7b730, (CMBitMap*) 0x000001ed9ae7b770
 Prev Bits: [0x000001edadf80000, 0x000001edaff80000)
 Next Bits: [0x000001edaff80000, 0x000001edb1f80000)

Polling page: 0x000001ed98cf0000

Metaspace:

Usage:
  Non-class:     49.38 MB used.
      Class:      6.48 MB used.
       Both:     55.86 MB used.

Virtual space:
  Non-class space:       64.00 MB reserved,      49.75 MB ( 78%) committed,  1 nodes.
      Class space:        1.00 GB reserved,       6.81 MB ( <1%) committed,  1 nodes.
             Both:        1.06 GB reserved,      56.56 MB (  5%) committed. 

Chunk freelists:
   Non-Class:  13.58 MB
       Class:  9.21 MB
        Both:  22.79 MB

MaxMetaspaceSize: unlimited
CompressedClassSpaceSize: 1.00 GB
Initial GC threshold: 21.00 MB
Current GC threshold: 58.88 MB
CDS: off
MetaspaceReclaimPolicy: balanced
 - commit_granule_bytes: 65536.
 - commit_granule_words: 8192.
 - virtual_space_node_default_size: 8388608.
 - enlarge_chunks_in_place: 1.
 - new_chunks_are_fully_committed: 0.
 - uncommit_free_chunks: 1.
 - use_allocation_guard: 0.
 - handle_deallocations: 1.


Internal statistics:

num_allocs_failed_limit: 6.
num_arena_births: 1018.
num_arena_deaths: 0.
num_vsnodes_births: 2.
num_vsnodes_deaths: 0.
num_space_committed: 905.
num_space_uncommitted: 0.
num_chunks_returned_to_freelist: 6.
num_chunks_taken_from_freelist: 2653.
num_chunk_merges: 6.
num_chunk_splits: 1764.
num_chunks_enlarged: 1170.
num_inconsistent_stats: 0.

CodeHeap 'non-profiled nmethods': size=120000Kb used=4586Kb max_used=4586Kb free=115413Kb
 bounds [0x000001eda5e50000, 0x000001eda62d0000, 0x000001edad380000]
CodeHeap 'profiled nmethods': size=120000Kb used=15258Kb max_used=15258Kb free=104741Kb
 bounds [0x000001ed9e380000, 0x000001ed9f270000, 0x000001eda58b0000]
CodeHeap 'non-nmethods': size=5760Kb used=2350Kb max_used=2427Kb free=3410Kb
 bounds [0x000001eda58b0000, 0x000001eda5b20000, 0x000001eda5e50000]
 total_blobs=8442 nmethods=7578 adapters=775
 compilation: enabled
              stopped_count=0, restarted_count=0
 full_count=0

Compilation events (20 events):
Event: 22.265 Thread 0x000001edb45804c0 nmethod 8351 0x000001eda62c9290 code [0x000001eda62c9460, 0x000001eda62c9f28]
Event: 22.265 Thread 0x000001edb45804c0 8352       4       java.util.concurrent.CompletableFuture::encodeRelay (44 bytes)
Event: 22.266 Thread 0x000001edb45804c0 nmethod 8352 0x000001eda62ca310 code [0x000001eda62ca480, 0x000001eda62ca518]
Event: 22.304 Thread 0x000001edb45804c0 8353       4       java.lang.invoke.Invokers$Holder::linkToTargetMethod (11 bytes)
Event: 22.305 Thread 0x000001edb45804c0 nmethod 8353 0x000001eda62ca610 code [0x000001eda62ca7a0, 0x000001eda62ca878]
Event: 22.305 Thread 0x000001edb45804c0 8354       4       org.openqa.selenium.SharedCapabilitiesMethods::abbreviate (274 bytes)
Event: 22.409 Thread 0x000001edb458c8f0 8356       3       org.openqa.selenium.support.decorators.DefaultDecorated::beforeCall (11 bytes)
Event: 22.409 Thread 0x000001edb458c8f0 nmethod 8356 0x000001ed9f260c90 code [0x000001ed9f260e40, 0x000001ed9f261048]
Event: 22.409 Thread 0x000001edb458c8f0 8357       3       org.openqa.selenium.support.events.EventFiringDecorator::beforeCall (26 bytes)
Event: 22.409 Thread 0x000001edb458c8f0 nmethod 8357 0x000001ed9f261110 code [0x000001ed9f261320, 0x000001ed9f261bb8]
Event: 22.416 Thread 0x000001edb458c8f0 8358       3       org.openqa.selenium.support.decorators.DefaultDecorated::call (11 bytes)
Event: 22.416 Thread 0x000001edb458c8f0 nmethod 8358 0x000001ed9f261e90 code [0x000001ed9f2620a0, 0x000001ed9f2626c8]
Event: 22.416 Thread 0x000001edb458c8f0 8359       3       org.openqa.selenium.support.decorators.WebDriverDecorator::call (16 bytes)
Event: 22.416 Thread 0x000001edb458c8f0 nmethod 8359 0x000001ed9f262910 code [0x000001ed9f262b20, 0x000001ed9f2630f8]
Event: 22.423 Thread 0x000001edb458c8f0 8360       3       org.openqa.selenium.support.decorators.DefaultDecorated::afterCall (12 bytes)
Event: 22.423 Thread 0x000001edb458c8f0 nmethod 8360 0x000001ed9f263310 code [0x000001ed9f2634c0, 0x000001ed9f2636c8]
Event: 22.423 Thread 0x000001edb458c8f0 8361       3       org.openqa.selenium.support.events.EventFiringDecorator::afterCall (30 bytes)
Event: 22.423 Thread 0x000001edb458c8f0 nmethod 8361 0x000001ed9f263790 code [0x000001ed9f2639c0, 0x000001ed9f264418]
Event: 22.423 Thread 0x000001edb458c8f0 8362       3       org.openqa.selenium.support.events.EventFiringDecorator::lambda$afterCall$1 (12 bytes)
Event: 22.423 Thread 0x000001edb458c8f0 nmethod 8362 0x000001ed9f264690 code [0x000001ed9f264820, 0x000001ed9f264988]

GC Heap History (20 events):
Event: 4.890 GC heap before
{Heap before GC invocations=11 (full 0):
 garbage-first heap   total 75776K, used 56702K [0x0000000080000000, 0x0000000100000000)
  region size 1024K, 31 young (31744K), 3 survivors (3072K)
 Metaspace       used 38599K, committed 38976K, reserved 1114112K
  class space    used 4241K, committed 4416K, reserved 1048576K
}
Event: 4.895 GC heap after
{Heap after GC invocations=12 (full 0):
 garbage-first heap   total 75776K, used 29128K [0x0000000080000000, 0x0000000100000000)
  region size 1024K, 2 young (2048K), 2 survivors (2048K)
 Metaspace       used 38599K, committed 38976K, reserved 1114112K
  class space    used 4241K, committed 4416K, reserved 1048576K
}
Event: 5.061 GC heap before
{Heap before GC invocations=12 (full 0):
 garbage-first heap   total 75776K, used 57800K [0x0000000080000000, 0x0000000100000000)
  region size 1024K, 30 young (30720K), 2 survivors (2048K)
 Metaspace       used 38627K, committed 38976K, reserved 1114112K
  class space    used 4241K, committed 4416K, reserved 1048576K
}
Event: 5.067 GC heap after
{Heap after GC invocations=13 (full 0):
 garbage-first heap   total 75776K, used 30552K [0x0000000080000000, 0x0000000100000000)
  region size 1024K, 4 young (4096K), 4 survivors (4096K)
 Metaspace       used 38627K, committed 38976K, reserved 1114112K
  class space    used 4241K, committed 4416K, reserved 1048576K
}
Event: 5.198 GC heap before
{Heap before GC invocations=13 (full 0):
 garbage-first heap   total 75776K, used 58200K [0x0000000080000000, 0x0000000100000000)
  region size 1024K, 31 young (31744K), 4 survivors (4096K)
 Metaspace       used 39031K, committed 39488K, reserved 1114112K
  class space    used 4285K, committed 4480K, reserved 1048576K
}
Event: 5.203 GC heap after
{Heap after GC invocations=14 (full 0):
 garbage-first heap   total 93184K, used 30773K [0x0000000080000000, 0x0000000100000000)
  region size 1024K, 2 young (2048K), 2 survivors (2048K)
 Metaspace       used 39031K, committed 39488K, reserved 1114112K
  class space    used 4285K, committed 4480K, reserved 1048576K
}
Event: 5.371 GC heap before
{Heap before GC invocations=14 (full 0):
 garbage-first heap   total 93184K, used 76853K [0x0000000080000000, 0x0000000100000000)
  region size 1024K, 44 young (45056K), 2 survivors (2048K)
 Metaspace       used 40251K, committed 40704K, reserved 1114112K
  class space    used 4366K, committed 4544K, reserved 1048576K
}
Event: 5.375 GC heap after
{Heap after GC invocations=15 (full 0):
 garbage-first heap   total 93184K, used 31662K [0x0000000080000000, 0x0000000100000000)
  region size 1024K, 3 young (3072K), 3 survivors (3072K)
 Metaspace       used 40251K, committed 40704K, reserved 1114112K
  class space    used 4366K, committed 4544K, reserved 1048576K
}
Event: 5.696 GC heap before
{Heap before GC invocations=15 (full 0):
 garbage-first heap   total 93184K, used 74670K [0x0000000080000000, 0x0000000100000000)
  region size 1024K, 45 young (46080K), 3 survivors (3072K)
 Metaspace       used 40483K, committed 40896K, reserved 1114112K
  class space    used 4379K, committed 4544K, reserved 1048576K
}
Event: 5.701 GC heap after
{Heap after GC invocations=16 (full 0):
 garbage-first heap   total 93184K, used 32797K [0x0000000080000000, 0x0000000100000000)
  region size 1024K, 4 young (4096K), 4 survivors (4096K)
 Metaspace       used 40483K, committed 40896K, reserved 1114112K
  class space    used 4379K, committed 4544K, reserved 1048576K
}
Event: 6.212 GC heap before
{Heap before GC invocations=16 (full 0):
 garbage-first heap   total 93184K, used 74781K [0x0000000080000000, 0x0000000100000000)
  region size 1024K, 45 young (46080K), 4 survivors (4096K)
 Metaspace       used 42280K, committed 42752K, reserved 1114112K
  class space    used 4604K, committed 4800K, reserved 1048576K
}
Event: 6.221 GC heap after
{Heap after GC invocations=17 (full 0):
 garbage-first heap   total 93184K, used 36273K [0x0000000080000000, 0x0000000100000000)
  region size 1024K, 6 young (6144K), 6 survivors (6144K)
 Metaspace       used 42280K, committed 42752K, reserved 1114112K
  class space    used 4604K, committed 4800K, reserved 1048576K
}
Event: 7.078 GC heap before
{Heap before GC invocations=17 (full 0):
 garbage-first heap   total 93184K, used 73137K [0x0000000080000000, 0x0000000100000000)
  region size 1024K, 42 young (43008K), 6 survivors (6144K)
 Metaspace       used 49514K, committed 50112K, reserved 1114112K
  class space    used 5576K, committed 5888K, reserved 1048576K
}
Event: 7.089 GC heap after
{Heap after GC invocations=18 (full 0):
 garbage-first heap   total 112640K, used 39212K [0x0000000080000000, 0x0000000100000000)
  region size 1024K, 3 young (3072K), 3 survivors (3072K)
 Metaspace       used 49514K, committed 50112K, reserved 1114112K
  class space    used 5576K, committed 5888K, reserved 1048576K
}
Event: 10.384 GC heap before
{Heap before GC invocations=18 (full 0):
 garbage-first heap   total 112640K, used 89388K [0x0000000080000000, 0x0000000100000000)
  region size 1024K, 53 young (54272K), 3 survivors (3072K)
 Metaspace       used 54927K, committed 55616K, reserved 1114112K
  class space    used 6472K, committed 6784K, reserved 1048576K
}
Event: 10.389 GC heap after
{Heap after GC invocations=19 (full 0):
 garbage-first heap   total 112640K, used 40562K [0x0000000080000000, 0x0000000100000000)
  region size 1024K, 5 young (5120K), 5 survivors (5120K)
 Metaspace       used 54927K, committed 55616K, reserved 1114112K
  class space    used 6472K, committed 6784K, reserved 1048576K
}
Event: 16.227 GC heap before
{Heap before GC invocations=19 (full 0):
 garbage-first heap   total 112640K, used 90738K [0x0000000080000000, 0x0000000100000000)
  region size 1024K, 54 young (55296K), 5 survivors (5120K)
 Metaspace       used 56365K, committed 57152K, reserved 1114112K
  class space    used 6610K, committed 6976K, reserved 1048576K
}
Event: 16.258 GC heap after
{Heap after GC invocations=20 (full 0):
 garbage-first heap   total 112640K, used 42879K [0x0000000080000000, 0x0000000100000000)
  region size 1024K, 4 young (4096K), 4 survivors (4096K)
 Metaspace       used 56365K, committed 57152K, reserved 1114112K
  class space    used 6610K, committed 6976K, reserved 1048576K
}
Event: 21.532 GC heap before
{Heap before GC invocations=20 (full 0):
 garbage-first heap   total 112640K, used 91007K [0x0000000080000000, 0x0000000100000000)
  region size 1024K, 52 young (53248K), 4 survivors (4096K)
 Metaspace       used 57076K, committed 57856K, reserved 1114112K
  class space    used 6635K, committed 6976K, reserved 1048576K
}
Event: 21.538 GC heap after
{Heap after GC invocations=21 (full 0):
 garbage-first heap   total 112640K, used 42879K [0x0000000080000000, 0x0000000100000000)
  region size 1024K, 4 young (4096K), 4 survivors (4096K)
 Metaspace       used 57076K, committed 57856K, reserved 1114112K
  class space    used 6635K, committed 6976K, reserved 1048576K
}

Dll operation events (10 events):
Event: 0.012 Loaded shared library C:\Users\soumya.kj\.katalon\packages\KSE-10.4.3\jre\bin\java.dll
Event: 0.233 Loaded shared library C:\Users\soumya.kj\.katalon\packages\KSE-10.4.3\jre\bin\net.dll
Event: 0.235 Loaded shared library C:\Users\soumya.kj\.katalon\packages\KSE-10.4.3\jre\bin\nio.dll
Event: 0.247 Loaded shared library C:\Users\soumya.kj\.katalon\packages\KSE-10.4.3\jre\bin\zip.dll
Event: 1.064 Loaded shared library C:\Users\soumya.kj\.katalon\packages\KSE-10.4.3\jre\bin\verify.dll
Event: 1.309 Loaded shared library C:\Users\soumya.kj\.katalon\packages\KSE-10.4.3\jre\bin\jimage.dll
Event: 4.129 Loaded shared library C:\Users\soumya.kj\.katalon\packages\KSE-10.4.3\jre\bin\sunmscapi.dll
Event: 4.679 Loaded shared library C:\Users\soumya.kj\.katalon\packages\KSE-10.4.3\jre\bin\extnet.dll
Event: 6.523 Loaded shared library C:\Users\soumya.kj\.katalon\packages\KSE-10.4.3\jre\bin\management.dll
Event: 6.525 Loaded shared library C:\Users\soumya.kj\.katalon\packages\KSE-10.4.3\jre\bin\management_ext.dll

Deoptimization events (20 events):
Event: 18.396 Thread 0x000001ed9ae1dac0 DEOPT PACKING pc=0x000001eda5efa1a0 sp=0x0000004fb58fc140
Event: 18.396 Thread 0x000001ed9ae1dac0 DEOPT UNPACKING pc=0x000001eda59069a3 sp=0x0000004fb58fc0c0 mode 2
Event: 18.396 Thread 0x000001ed9ae1dac0 Uncommon trap: trap_request=0xffffff45 fr.pc=0x000001eda5ebc758 relative=0x00000000000001d8
Event: 18.396 Thread 0x000001ed9ae1dac0 Uncommon trap: reason=unstable_if action=reinterpret pc=0x000001eda5ebc758 method=java.lang.String.indexOf(Ljava/lang/String;)I @ 10 c2
Event: 18.396 Thread 0x000001ed9ae1dac0 DEOPT PACKING pc=0x000001eda5ebc758 sp=0x0000004fb58fc1d0
Event: 18.396 Thread 0x000001ed9ae1dac0 DEOPT UNPACKING pc=0x000001eda59069a3 sp=0x0000004fb58fc160 mode 2
Event: 20.173 Thread 0x000001ed9ae1dac0 Uncommon trap: trap_request=0xffffff45 fr.pc=0x000001eda6121380 relative=0x0000000000000840
Event: 20.173 Thread 0x000001ed9ae1dac0 Uncommon trap: reason=unstable_if action=reinterpret pc=0x000001eda6121380 method=jdk.internal.org.objectweb.asm.ClassReader.<init>([BIZ)V @ 135 c2
Event: 20.173 Thread 0x000001ed9ae1dac0 DEOPT PACKING pc=0x000001eda6121380 sp=0x0000004fb58f65d0
Event: 20.173 Thread 0x000001ed9ae1dac0 DEOPT UNPACKING pc=0x000001eda59069a3 sp=0x0000004fb58f6558 mode 2
Event: 20.425 Thread 0x000001ed9ae1dac0 DEOPT PACKING pc=0x000001ed9e8180b0 sp=0x0000004fb58f7e50
Event: 20.425 Thread 0x000001ed9ae1dac0 DEOPT UNPACKING pc=0x000001eda5907143 sp=0x0000004fb58f7350 mode 0
Event: 20.425 Thread 0x000001ed9ae1dac0 DEOPT PACKING pc=0x000001ed9e818b16 sp=0x0000004fb58f7f10
Event: 20.425 Thread 0x000001ed9ae1dac0 DEOPT UNPACKING pc=0x000001eda5907143 sp=0x0000004fb58f7428 mode 0
Event: 20.425 Thread 0x000001ed9ae1dac0 DEOPT PACKING pc=0x000001ed9e81961e sp=0x0000004fb58f7ff0
Event: 20.425 Thread 0x000001ed9ae1dac0 DEOPT UNPACKING pc=0x000001eda5907143 sp=0x0000004fb58f74d8 mode 0
Event: 20.426 Thread 0x000001edb46f3f90 DEOPT PACKING pc=0x000001ed9f0479f4 sp=0x0000004fb77fd830
Event: 20.426 Thread 0x000001edb46f3f90 DEOPT UNPACKING pc=0x000001eda5907143 sp=0x0000004fb77fccb0 mode 0
Event: 20.621 Thread 0x000001ed9ae1dac0 DEOPT PACKING pc=0x000001ed9ed5e53e sp=0x0000004fb58f6de0
Event: 20.621 Thread 0x000001ed9ae1dac0 DEOPT UNPACKING pc=0x000001eda5907143 sp=0x0000004fb58f62d0 mode 0

Classes loaded (20 events):
Event: 13.330 Loading class java/text/FormatCustomizer
Event: 13.330 Loading class java/text/FormatCustomizer done
Event: 13.331 Loading class java/text/MessageFormatCustomizer
Event: 13.331 Loading class java/text/MessageFormatCustomizer done
Event: 13.331 Loading class java/text/MessageFormatCustomizer
Event: 13.331 Loading class java/text/MessageFormatCustomizer done
Event: 13.849 Loading class java/time/DurationBeanInfo
Event: 13.849 Loading class java/time/DurationBeanInfo done
Event: 13.849 Loading class java/time/DurationBeanInfo
Event: 13.849 Loading class java/time/DurationBeanInfo done
Event: 13.850 Loading class java/time/DurationCustomizer
Event: 13.850 Loading class java/time/DurationCustomizer done
Event: 13.850 Loading class java/time/DurationCustomizer
Event: 13.850 Loading class java/time/DurationCustomizer done
Event: 20.175 Loading class java/util/TreeMap$EntrySpliterator
Event: 20.175 Loading class java/util/TreeMap$EntrySpliterator done
Event: 20.175 Loading class java/util/stream/SortedOps$SizedRefSortingSink
Event: 20.175 Loading class java/util/stream/SortedOps$SizedRefSortingSink done
Event: 20.998 Loading class jdk/internal/access/foreign/MemorySegmentProxy
Event: 20.998 Loading class jdk/internal/access/foreign/MemorySegmentProxy done

Classes unloaded (0 events):
No events

Classes redefined (0 events):
No events

Internal exceptions (20 events):
Event: 13.849 Thread 0x000001ed9ae1dac0 Exception <a 'java/lang/ClassNotFoundException'{0x0000000084982a30}: java/time/DurationBeanInfo> (0x0000000084982a30) 
thrown [s\src\hotspot\share\classfile\systemDictionary.cpp, line 256]
Event: 13.850 Thread 0x000001ed9ae1dac0 Exception <a 'java/lang/ClassNotFoundException'{0x0000000084993e08}: java/time/DurationCustomizer> (0x0000000084993e08) 
thrown [s\src\hotspot\share\classfile\systemDictionary.cpp, line 256]
Event: 13.856 Thread 0x000001ed9ae1dac0 Exception <a 'java/lang/ClassNotFoundException'{0x00000000849e94f8}: org/openqa/selenium/support/ui/WebDriverWaitBeanInfo> (0x00000000849e94f8) 
thrown [s\src\hotspot\share\classfile\systemDictionary.cpp, line 256]
Event: 13.857 Thread 0x000001ed9ae1dac0 Exception <a 'java/lang/ClassNotFoundException'{0x0000000084808698}: org/openqa/selenium/support/ui/FluentWaitBeanInfo> (0x0000000084808698) 
thrown [s\src\hotspot\share\classfile\systemDictionary.cpp, line 256]
Event: 13.859 Thread 0x000001ed9ae1dac0 Exception <a 'java/lang/ClassNotFoundException'{0x00000000848278f8}: org/openqa/selenium/support/ui/FluentWaitCustomizer> (0x00000000848278f8) 
thrown [s\src\hotspot\share\classfile\systemDictionary.cpp, line 256]
Event: 13.861 Thread 0x000001ed9ae1dac0 Exception <a 'java/lang/ClassNotFoundException'{0x0000000084854d98}: org/openqa/selenium/support/ui/WebDriverWaitCustomizer> (0x0000000084854d98) 
thrown [s\src\hotspot\share\classfile\systemDictionary.cpp, line 256]
Event: 13.867 Thread 0x000001ed9ae1dac0 Exception <a 'java/lang/ClassNotFoundException'{0x00000000848b3868}: org/openqa/selenium/support/ui/ExpectedConditionsBeanInfo> (0x00000000848b3868) 
thrown [s\src\hotspot\share\classfile\systemDictionary.cpp, line 256]
Event: 13.868 Thread 0x000001ed9ae1dac0 Exception <a 'java/lang/ClassNotFoundException'{0x00000000848d39b8}: org/openqa/selenium/support/ui/ExpectedConditionsCustomizer> (0x00000000848d39b8) 
thrown [s\src\hotspot\share\classfile\systemDictionary.cpp, line 256]
Event: 13.889 Thread 0x000001ed9ae1dac0 Exception <a 'java/lang/NoSuchMethodError'{0x00000000847f5fd8}: 'int java.lang.invoke.Invokers$Holder.linkToCallSite(java.lang.Object, java.lang.Object)'> (0x00000000847f5fd8) 
thrown [s\src\hotspot\share\interpreter\linkResolver.cpp, line 759]
Event: 14.258 Thread 0x000001ed9ae1dac0 Implicit null exception at 0x000001eda6237424 to 0x000001eda623768c
Event: 15.890 Thread 0x000001ed9ae1dac0 Exception <a 'java/lang/ClassNotFoundException'{0x0000000083fd9628}: com/kms/katalon/core/logging/model/TestStatus$TestStatusValueBeanInfo> (0x0000000083fd9628) 
thrown [s\src\hotspot\share\classfile\systemDictionary.cpp, line 256]
Event: 15.891 Thread 0x000001ed9ae1dac0 Exception <a 'java/lang/ClassNotFoundException'{0x0000000083ff9d58}: com/kms/katalon/core/logging/model/TestStatus$TestStatusValueCustomizer> (0x0000000083ff9d58) 
thrown [s\src\hotspot\share\classfile\systemDictionary.cpp, line 256]
Event: 15.894 Thread 0x000001ed9ae1dac0 Implicit null exception at 0x000001eda623f944 to 0x000001eda623fca8
Event: 16.356 Thread 0x000001ed9ae1dac0 Exception <a 'java/lang/ClassNotFoundException'{0x0000000087e9b3a8}: com/kms/katalon/core/webui/keyword/builtin/SwitchToWindowTitleKeywordBeanInfo> (0x0000000087e9b3a8) 
thrown [s\src\hotspot\share\classfile\systemDictionary.cpp, line 256]
Event: 16.358 Thread 0x000001ed9ae1dac0 Exception <a 'java/lang/ClassNotFoundException'{0x0000000087ebb6e8}: com/kms/katalon/core/webui/keyword/builtin/SwitchToWindowTitleKeywordCustomizer> (0x0000000087ebb6e8) 
thrown [s\src\hotspot\share\classfile\systemDictionary.cpp, line 256]
Event: 19.561 Thread 0x000001ed9ae1dac0 Exception <a 'java/lang/NoSuchMethodError'{0x00000000861f3a28}: 'java.lang.Object java.lang.invoke.Invokers$Holder.linkToCallSite(java.lang.Object, java.lang.Object, int, java.lang.Object)'> (0x00000000861f3a28) 
thrown [s\src\hotspot\share\interpreter\linkResolver.cpp, line 759]
Event: 19.572 Thread 0x000001ed9ae1dac0 Exception <a 'java/lang/NoSuchMethodError'{0x0000000086004ed8}: 'java.lang.Object java.lang.invoke.DelegatingMethodHandle$Holder.delegate(java.lang.Object, java.lang.Object, java.lang.Object, java.lang.Object, int)'> (0x0000000086004ed8) 
thrown [s\src\hotspot\share\interpreter\linkResolver.cpp, line 759]
Event: 19.572 Thread 0x000001ed9ae1dac0 Exception <a 'java/lang/NoSuchMethodError'{0x0000000086013d28}: 'int java.lang.invoke.DirectMethodHandle$Holder.invokeSpecial(java.lang.Object, java.lang.Object, java.lang.Object, java.lang.Object, int)'> (0x0000000086013d28) 
thrown [s\src\hotspot\share\interpreter\linkResolver.cpp, line 759]
Event: 19.587 Thread 0x000001ed9ae1dac0 Exception <a 'java/lang/ClassNotFoundException'{0x0000000085f316a8}: com/kms/katalon/core/webui/keyword/builtin/SwitchToFrameKeywordBeanInfo> (0x0000000085f316a8) 
thrown [s\src\hotspot\share\classfile\systemDictionary.cpp, line 256]
Event: 19.588 Thread 0x000001ed9ae1dac0 Exception <a 'java/lang/ClassNotFoundException'{0x0000000085f50c60}: com/kms/katalon/core/webui/keyword/builtin/SwitchToFrameKeywordCustomizer> (0x0000000085f50c60) 
thrown [s\src\hotspot\share\classfile\systemDictionary.cpp, line 256]

VM Operations (20 events):
Event: 13.026 Executing VM operation: Cleanup
Event: 13.026 Executing VM operation: Cleanup done
Event: 14.038 Executing VM operation: Cleanup
Event: 14.038 Executing VM operation: Cleanup done
Event: 15.050 Executing VM operation: Cleanup
Event: 15.050 Executing VM operation: Cleanup done
Event: 16.062 Executing VM operation: Cleanup
Event: 16.062 Executing VM operation: Cleanup done
Event: 16.227 Executing VM operation: G1CollectForAllocation
Event: 16.258 Executing VM operation: G1CollectForAllocation done
Event: 18.253 Executing VM operation: Cleanup
Event: 18.253 Executing VM operation: Cleanup done
Event: 19.255 Executing VM operation: Cleanup
Event: 19.255 Executing VM operation: Cleanup done
Event: 20.261 Executing VM operation: Cleanup
Event: 20.262 Executing VM operation: Cleanup done
Event: 21.266 Executing VM operation: Cleanup
Event: 21.266 Executing VM operation: Cleanup done
Event: 21.532 Executing VM operation: G1CollectForAllocation
Event: 21.538 Executing VM operation: G1CollectForAllocation done

Memory protections (0 events):
No events

Nmethod flushes (20 events):
Event: 5.436 Thread 0x000001edb45ee9d0 flushing  nmethod 0x000001ed9ea9b910
Event: 5.436 Thread 0x000001edb45ee9d0 flushing  nmethod 0x000001ed9ea9dc90
Event: 5.436 Thread 0x000001edb45ee9d0 flushing  nmethod 0x000001ed9ea9fe90
Event: 5.436 Thread 0x000001edb45ee9d0 flushing  nmethod 0x000001ed9eaae890
Event: 5.436 Thread 0x000001edb45ee9d0 flushing  nmethod 0x000001ed9eac5990
Event: 5.436 Thread 0x000001edb45ee9d0 flushing  nmethod 0x000001ed9eae3b90
Event: 5.436 Thread 0x000001edb45ee9d0 flushing  nmethod 0x000001ed9eae4590
Event: 5.436 Thread 0x000001edb45ee9d0 flushing  nmethod 0x000001ed9eae4f90
Event: 5.436 Thread 0x000001edb45ee9d0 flushing  nmethod 0x000001ed9eb1d210
Event: 5.436 Thread 0x000001edb45ee9d0 flushing  nmethod 0x000001ed9eb1dd10
Event: 5.436 Thread 0x000001edb45ee9d0 flushing  nmethod 0x000001ed9eb1e710
Event: 5.436 Thread 0x000001edb45ee9d0 flushing  nmethod 0x000001ed9eb20790
Event: 5.436 Thread 0x000001edb45ee9d0 flushing  nmethod 0x000001ed9eb26210
Event: 5.436 Thread 0x000001edb45ee9d0 flushing  nmethod 0x000001ed9eb26890
Event: 5.436 Thread 0x000001edb45ee9d0 flushing  nmethod 0x000001ed9eb30e10
Event: 10.232 Thread 0x000001edb45ee9d0 flushing  nmethod 0x000001ed9e801990
Event: 10.233 Thread 0x000001edb45ee9d0 flushing  nmethod 0x000001ed9eb22390
Event: 10.233 Thread 0x000001edb45ee9d0 flushing  nmethod 0x000001ed9eb22890
Event: 10.233 Thread 0x000001edb45ee9d0 flushing  nmethod 0x000001ed9eb23410
Event: 10.233 Thread 0x000001edb45ee9d0 flushing  nmethod 0x000001ed9eb23f10

Events (20 events):
Event: 8.122 Thread 0x000001edb458c8f0 Thread added: 0x000001edb9235ec0
Event: 8.129 Thread 0x000001ed9ae1dac0 Thread added: 0x000001edb46f3570
Event: 8.131 Thread 0x000001edb46f5df0 Thread added: 0x000001edb46f6300
Event: 8.131 Thread 0x000001edb46f5df0 Thread added: 0x000001edb46f58e0
Event: 8.159 Thread 0x000001ed9ae1dac0 Thread added: 0x000001edb46f6810
Event: 8.160 Thread 0x000001ed9ae1dac0 Thread added: 0x000001edbc629850
Event: 8.162 Thread 0x000001edb46f6810 Thread added: 0x000001edbc628410
Event: 8.162 Thread 0x000001edb46f6810 Thread added: 0x000001edbc62a270
Event: 8.163 Thread 0x000001edb46f6810 Thread added: 0x000001edbc627f00
Event: 8.295 Thread 0x000001edb9235ec0 Thread exited: 0x000001edb9235ec0
Event: 8.321 Thread 0x000001edb458c8f0 Thread added: 0x000001edb9235ec0
Event: 8.377 Thread 0x000001edb46f58e0 Thread added: 0x000001edbc628e30
Event: 9.035 Thread 0x000001edb9235ec0 Thread exited: 0x000001edb9235ec0
Event: 9.436 Thread 0x000001edb458c8f0 Thread added: 0x000001edbb879020
Event: 10.990 Thread 0x000001edbb879020 Thread exited: 0x000001edbb879020
Event: 11.907 Thread 0x000001edb46f3a80 Thread exited: 0x000001edb46f3a80
Event: 12.038 Thread 0x000001edb458c8f0 Thread added: 0x000001edbbbd4250
Event: 12.166 Thread 0x000001edbbbd4250 Thread exited: 0x000001edbbbd4250
Event: 13.326 Thread 0x000001edb458c8f0 Thread added: 0x000001edbae8fe30
Event: 13.824 Thread 0x000001edbae8fe30 Thread exited: 0x000001edbae8fe30


Dynamic libraries:
0x00007ff60afa0000 - 0x00007ff60afae000 	C:\Users\soumya.kj\.katalon\packages\KSE-10.4.3\jre\bin\javaw.exe
0x00007ff9a3400000 - 0x00007ff9a3667000 	C:\WINDOWS\SYSTEM32\ntdll.dll
0x00007ff9a1f10000 - 0x00007ff9a1fd9000 	C:\WINDOWS\System32\KERNEL32.DLL
0x00007ff9a0c60000 - 0x00007ff9a1051000 	C:\WINDOWS\System32\KERNELBASE.dll
0x00007ff99fdd0000 - 0x00007ff99ff1b000 	C:\WINDOWS\System32\ucrtbase.dll
0x00007ff999540000 - 0x00007ff999557000 	C:\Users\soumya.kj\.katalon\packages\KSE-10.4.3\jre\bin\jli.dll
0x00007ff9a1b30000 - 0x00007ff9a1cf5000 	C:\WINDOWS\System32\USER32.dll
0x00007ff99fce0000 - 0x00007ff99fd07000 	C:\WINDOWS\System32\win32u.dll
0x00007ff9a1ee0000 - 0x00007ff9a1f0b000 	C:\WINDOWS\System32\GDI32.dll
0x00007ff99ff20000 - 0x00007ff9a004b000 	C:\WINDOWS\System32\gdi32full.dll
0x00007ff9a10f0000 - 0x00007ff9a1193000 	C:\WINDOWS\System32\msvcp_win.dll
0x00007ff981250000 - 0x00007ff98126e000 	C:\Users\soumya.kj\.katalon\packages\KSE-10.4.3\jre\bin\VCRUNTIME140.dll
0x00007ff971a80000 - 0x00007ff971d13000 	C:\WINDOWS\WinSxS\amd64_microsoft.windows.common-controls_6595b64144ccf1df_6.0.26100.8037_none_3e092faae333b53b\COMCTL32.dll
0x00007ff9a2730000 - 0x00007ff9a27d9000 	C:\WINDOWS\System32\msvcrt.dll
0x00007ff9a12e0000 - 0x00007ff9a1311000 	C:\WINDOWS\System32\IMM32.DLL
0x00007ff993b90000 - 0x00007ff993b9c000 	C:\Users\soumya.kj\.katalon\packages\KSE-10.4.3\jre\bin\vcruntime140_1.dll
0x00007ff9788a0000 - 0x00007ff97892d000 	C:\Users\soumya.kj\.katalon\packages\KSE-10.4.3\jre\bin\msvcp140.dll
0x00007ff92d6a0000 - 0x00007ff92e30b000 	C:\Users\soumya.kj\.katalon\packages\KSE-10.4.3\jre\bin\server\jvm.dll
0x00007ff9a29c0000 - 0x00007ff9a2a7b000 	C:\WINDOWS\System32\ADVAPI32.dll
0x00007ff9a3290000 - 0x00007ff9a3337000 	C:\WINDOWS\System32\sechost.dll
0x00007ff9a3170000 - 0x00007ff9a3288000 	C:\WINDOWS\System32\RPCRT4.dll
0x00007ff9a1330000 - 0x00007ff9a13a4000 	C:\WINDOWS\System32\WS2_32.dll
0x00007ff99fb60000 - 0x00007ff99fbbe000 	C:\WINDOWS\SYSTEM32\POWRPROF.dll
0x00007ff992c80000 - 0x00007ff992cb5000 	C:\WINDOWS\SYSTEM32\WINMM.dll
0x00007ff999150000 - 0x00007ff99915b000 	C:\WINDOWS\SYSTEM32\VERSION.dll
0x00007ff99fb40000 - 0x00007ff99fb54000 	C:\WINDOWS\SYSTEM32\UMPDC.dll
0x00007ff99ea70000 - 0x00007ff99ea8b000 	C:\WINDOWS\SYSTEM32\kernel.appcore.dll
0x00007ff993be0000 - 0x00007ff993bea000 	C:\Users\soumya.kj\.katalon\packages\KSE-10.4.3\jre\bin\jimage.dll
0x00007ff971d20000 - 0x00007ff971f62000 	C:\WINDOWS\SYSTEM32\DBGHELP.DLL
0x00007ff9a2ad0000 - 0x00007ff9a2e52000 	C:\WINDOWS\System32\combase.dll
0x00007ff9a3090000 - 0x00007ff9a3167000 	C:\WINDOWS\System32\OLEAUT32.dll
0x00007ff992790000 - 0x00007ff9927cb000 	C:\WINDOWS\SYSTEM32\dbgcore.DLL
0x00007ff9a0bb0000 - 0x00007ff9a0c55000 	C:\WINDOWS\System32\bcryptPrimitives.dll
0x00007ff98d8e0000 - 0x00007ff98d905000 	C:\Users\soumya.kj\.katalon\packages\KSE-10.4.3\jre\bin\java.dll
0x00007ff993bc0000 - 0x00007ff993bd8000 	C:\Users\soumya.kj\.katalon\packages\KSE-10.4.3\jre\bin\zip.dll
0x00007ff9a13c0000 - 0x00007ff9a1b1f000 	C:\WINDOWS\System32\SHELL32.dll
0x00007ff9a08c0000 - 0x00007ff9a0a2a000 	C:\WINDOWS\System32\wintypes.dll
0x00007ff9a0050000 - 0x00007ff9a08b4000 	C:\WINDOWS\System32\windows.storage.dll
0x00007ff9a24a0000 - 0x00007ff9a2597000 	C:\WINDOWS\System32\SHCORE.dll
0x00007ff9a2950000 - 0x00007ff9a29b7000 	C:\WINDOWS\System32\shlwapi.dll
0x00007ff99fc00000 - 0x00007ff99fc29000 	C:\WINDOWS\SYSTEM32\profapi.dll
0x00007ff993b60000 - 0x00007ff993b79000 	C:\Users\soumya.kj\.katalon\packages\KSE-10.4.3\jre\bin\net.dll
0x00007ff99a3d0000 - 0x00007ff99a4f7000 	C:\WINDOWS\SYSTEM32\WINHTTP.dll
0x00007ff99efe0000 - 0x00007ff99f04b000 	C:\WINDOWS\system32\mswsock.dll
0x00007ff993b10000 - 0x00007ff993b26000 	C:\Users\soumya.kj\.katalon\packages\KSE-10.4.3\jre\bin\nio.dll
0x00007ff993ae0000 - 0x00007ff993af0000 	C:\Users\soumya.kj\.katalon\packages\KSE-10.4.3\jre\bin\verify.dll
0x00007ff993a80000 - 0x00007ff993a8e000 	C:\Users\soumya.kj\.katalon\packages\KSE-10.4.3\jre\bin\sunmscapi.dll
0x00007ff9a0a30000 - 0x00007ff9a0ba7000 	C:\WINDOWS\System32\CRYPT32.dll
0x00007ff99f4e0000 - 0x00007ff99f510000 	C:\WINDOWS\SYSTEM32\ncrypt.dll
0x00007ff99f490000 - 0x00007ff99f4cf000 	C:\WINDOWS\SYSTEM32\NTASN1.dll
0x00007ff9939b0000 - 0x00007ff9939b9000 	C:\Users\soumya.kj\.katalon\packages\KSE-10.4.3\jre\bin\extnet.dll
0x00007ff99e240000 - 0x00007ff99e36a000 	C:\WINDOWS\SYSTEM32\DNSAPI.dll
0x00007ff99e180000 - 0x00007ff99e1b3000 	C:\WINDOWS\SYSTEM32\IPHLPAPI.DLL
0x00007ff9a13b0000 - 0x00007ff9a13ba000 	C:\WINDOWS\System32\NSI.dll
0x00007ff999140000 - 0x00007ff99914b000 	C:\Windows\System32\rasadhlp.dll
0x00007ff99bb70000 - 0x00007ff99bbf6000 	C:\WINDOWS\System32\fwpuclnt.dll
0x00007ff9938d0000 - 0x00007ff9938da000 	C:\Users\soumya.kj\.katalon\packages\KSE-10.4.3\jre\bin\management.dll
0x00007ff98ed00000 - 0x00007ff98ed0b000 	C:\Users\soumya.kj\.katalon\packages\KSE-10.4.3\jre\bin\management_ext.dll
0x00007ff9a27e0000 - 0x00007ff9a27e8000 	C:\WINDOWS\System32\PSAPI.DLL
0x00007ff99f2d0000 - 0x00007ff99f2eb000 	C:\WINDOWS\SYSTEM32\CRYPTSP.dll
0x00007ff99e9d0000 - 0x00007ff99ea09000 	C:\WINDOWS\system32\rsaenh.dll
0x00007ff99f090000 - 0x00007ff99f0c2000 	C:\WINDOWS\SYSTEM32\USERENV.dll
0x00007ff99fbd0000 - 0x00007ff99fbfa000 	C:\WINDOWS\SYSTEM32\bcrypt.dll
0x00007ff99f2c0000 - 0x00007ff99f2cc000 	C:\WINDOWS\SYSTEM32\CRYPTBASE.dll
0x00007ff99b8e0000 - 0x00007ff99b8fd000 	C:\WINDOWS\SYSTEM32\dhcpcsvc6.DLL
0x00007ff99b8b0000 - 0x00007ff99b8d3000 	C:\WINDOWS\SYSTEM32\dhcpcsvc.DLL
0x00007ff9938e0000 - 0x00007ff9938e8000 	C:\WINDOWS\system32\wshunix.dll

dbghelp: loaded successfully - version: 4.0.5 - missing functions: none
symbol engine: initialized successfully - sym options: 0x614 - pdb path: .;C:\Users\soumya.kj\.katalon\packages\KSE-10.4.3\jre\bin;C:\WINDOWS\SYSTEM32;C:\WINDOWS\WinSxS\amd64_microsoft.windows.common-controls_6595b64144ccf1df_6.0.26100.8037_none_3e092faae333b53b;C:\Users\soumya.kj\.katalon\packages\KSE-10.4.3\jre\bin\server

VM Arguments:
jvm_args: -Dgroovy.home=C:\Users\soumya.kj/.groovy -Djava.system.class.loader=groovy.lang.GroovyClassLoader -Xmx2048m -Dfile.encoding=UTF-8 -Dstdout.encoding=UTF-8 -Dstderr.encoding=UTF-8 -XX:+ShowCodeDetailsInExceptionMessages 
java_command: org.codehaus.groovy.tools.GroovyStarter --classpath C:\Users\soumya.kj\Katalon Studio\Workoutput\bin\keyword;C:\Users\soumya.kj\Katalon Studio\Workoutput\Keywords;C:\Users\soumya.kj\Katalon Studio\Workoutput\bin\listener;C:\Users\soumya.kj\Katalon Studio\Workoutput\Test Listeners;C:\Users\soumya.kj\Katalon Studio\Workoutput\bin\lib;C:\Users\soumya.kj\Katalon Studio\Workoutput\Libs;C:\Users\soumya.kj\Katalon Studio\Workoutput\bin\groovy;C:\Users\soumya.kj\Katalon Studio\Workoutput\Include\scripts\groovy;C:\Users\soumya.kj\.katalon\packages\KSE-10.4.3\plugins\com.kms.katalon.core_1.0.0.202512220625.jar;C:\Users\soumya.kj\.katalon\packages\KSE-10.4.3\configuration\resources\lib\aalto-xml-1.0.0.jar;C:\Users\soumya.kj\.katalon\packages\KSE-10.4.3\configuration\resources\lib\aws-2.20.3-fat.jar;C:\Users\soumya.kj\.katalon\packages\KSE-10.4.3\configuration\resources\lib\browsermob-core-2.1.5.jar;C:\Users\soumya.kj\.katalon\packages\KSE-10.4.3\configuration\resources\lib\byte-buddy-1.14.3.jar;C:\Users\soumya.kj\.katalon\packages\KSE-10.4.3\configuration\resources\lib\byte-buddy-agent-1.14.3.jar;C:\Users\soumya.kj\.katalon\packages\KSE-10.4.3\configuration\resources\lib\commons-codec-1.10.jar;C:\Users\soumya.kj\.katalon\packages\KSE-10.4.3\configuration\resources\lib\commons-collections4-4.1.jar;C:\Users\soumya.kj\.katalon\packages\KSE-10.4.3\configuration\resources\lib\commons-javaflow-20060411.jar;C:\Users\soumya.kj\.katalon\packages\KSE-10.4.3\configuration\resources\lib\commons-logging-1.3.4.jar;C:\Users\soumya.kj\.katalon\packages\KSE-10.4.3\configuration\resources\lib\curvesapi-1.04.jar;C:\Users\soumya.kj\.katalon\packages\KSE-10.4.3\configuration\resources\lib\dnsjava-3.6.2.jar;C:\Users\soumya.kj\.katalon\packages\KSE-10.4.3\configuration\resources\lib\ecj-3.21.0.jar;C:\Users\soumya.kj\.katalon\packages\KSE-10.4.3\configuration\resources\lib\fontbox-3.0.4.jar;C:\Users\soumya.kj\.katalon\packages\KSE-10.4.3\configuration\resources\lib\groovy-3.0.17.jar;C
java_class_path (initial): C:\Users\soumya.kj\Katalon Studio\Workoutput\bin\keyword;C:\Users\soumya.kj\Katalon Studio\Workoutput\bin\listener;C:\Users\soumya.kj\Katalon Studio\Workoutput\bin\lib;C:\Users\soumya.kj\Katalon Studio\Workoutput\bin\groovy;C:\Users\soumya.kj\Katalon Studio\Workoutput\bin;C:\Users\soumya.kj\.katalon\packages\KSE-10.4.3\plugins\com.kms.katalon.core_1.0.0.202512220625.jar;C:\Users\soumya.kj\.katalon\packages\KSE-10.4.3\configuration\resources\lib\aalto-xml-1.0.0.jar;C:\Users\soumya.kj\.katalon\packages\KSE-10.4.3\configuration\resources\lib\aws-2.20.3-fat.jar;C:\Users\soumya.kj\.katalon\packages\KSE-10.4.3\configuration\resources\lib\browsermob-core-2.1.5.jar;C:\Users\soumya.kj\.katalon\packages\KSE-10.4.3\configuration\resources\lib\byte-buddy-1.14.3.jar;C:\Users\soumya.kj\.katalon\packages\KSE-10.4.3\configuration\resources\lib\byte-buddy-agent-1.14.3.jar;C:\Users\soumya.kj\.katalon\packages\KSE-10.4.3\configuration\resources\lib\commons-codec-1.10.jar;C:\Users\soumya.kj\.katalon\packages\KSE-10.4.3\configuration\resources\lib\commons-collections4-4.1.jar;C:\Users\soumya.kj\.katalon\packages\KSE-10.4.3\configuration\resources\lib\commons-javaflow-20060411.jar;C:\Users\soumya.kj\.katalon\packages\KSE-10.4.3\configuration\resources\lib\commons-logging-1.3.4.jar;C:\Users\soumya.kj\.katalon\packages\KSE-10.4.3\configuration\resources\lib\curvesapi-1.04.jar;C:\Users\soumya.kj\.katalon\packages\KSE-10.4.3\configuration\resources\lib\dnsjava-3.6.2.jar;C:\Users\soumya.kj\.katalon\packages\KSE-10.4.3\configuration\resources\lib\ecj-3.21.0.jar;C:\Users\soumya.kj\.katalon\packages\KSE-10.4.3\configuration\resources\lib\fontbox-3.0.4.jar;C:\Users\soumya.kj\.katalon\packages\KSE-10.4.3\configuration\resources\lib\groovy-3.0.17.jar;C:\Users\soumya.kj\.katalon\packages\KSE-10.4.3\configuration\resources\lib\jackson-coreutils-2.0.jar;C:\Users\soumya.kj\.katalon\packages\KSE-10.4.3\configuration\resources\lib\jackson-coreutils-equivalence-1.0.jar;C:\User
Launcher Type: SUN_STANDARD

[Global flags]
     intx CICompilerCount                          = 3                                         {product} {ergonomic}
     uint ConcGCThreads                            = 1                                         {product} {ergonomic}
     uint G1ConcRefinementThreads                  = 4                                         {product} {ergonomic}
   size_t G1HeapRegionSize                         = 1048576                                   {product} {ergonomic}
    uintx GCDrainStackTargetSize                   = 64                                        {product} {ergonomic}
   size_t InitialHeapSize                          = 199229440                                 {product} {ergonomic}
   size_t MarkStackSize                            = 4194304                                   {product} {ergonomic}
   size_t MaxHeapSize                              = 2147483648                                {product} {command line}
   size_t MaxNewSize                               = 1287651328                                {product} {ergonomic}
   size_t MinHeapDeltaBytes                        = 1048576                                   {product} {ergonomic}
   size_t MinHeapSize                              = 8388608                                   {product} {ergonomic}
    uintx NonNMethodCodeHeapSize                   = 5832780                                {pd product} {ergonomic}
    uintx NonProfiledCodeHeapSize                  = 122912730                              {pd product} {ergonomic}
    uintx ProfiledCodeHeapSize                     = 122912730                              {pd product} {ergonomic}
    uintx ReservedCodeCacheSize                    = 251658240                              {pd product} {ergonomic}
     bool SegmentedCodeCache                       = true                                      {product} {ergonomic}
     bool ShowCodeDetailsInExceptionMessages       = true                                   {manageable} {command line}
   size_t SoftMaxHeapSize                          = 2147483648                             {manageable} {ergonomic}
     bool UseCompressedClassPointers               = true                           {product lp64_product} {ergonomic}
     bool UseCompressedOops                        = true                           {product lp64_product} {ergonomic}
     bool UseG1GC                                  = true                                      {product} {ergonomic}
     bool UseLargePagesIndividualAllocation        = false                                  {pd product} {ergonomic}

Logging:
Log output configuration:
 #0: stdout all=warning uptime,level,tags
 #1: stderr all=off uptime,level,tags

Environment Variables:
JAVA_HOME=C:\Program Files\JAVA\openjdk-21.0.5+11
PATH=C:/Users/soumya.kj/.katalon/packages/KSE-10.4.3/jre/bin/server;C:/Users/soumya.kj/.katalon/packages/KSE-10.4.3/jre/bin;C:\Program Files\JAVA\openjdk-21.0.5+11\bin;C:\WINDOWS\system32;C:\WINDOWS;C:\WINDOWS\System32\Wbem;C:\WINDOWS\System32\WindowsPowerShell\v1.0\;C:\WINDOWS\System32\OpenSSH\;C:\Program Files (x86)\Microsoft SQL Server\170\Tools\Binn\;C:\Program Files\Microsoft SQL Server\170\Tools\Binn\;C:\Program Files\Microsoft SQL Server\Client SDK\ODBC\180\Tools\Binn\;C:\Program Files\Microsoft SQL Server\170\DTS\Binn\;C:\Program Files (x86)\Microsoft SQL Server\Client SDK\ODBC\130\Tools\Binn\;C:\Program Files (x86)\Microsoft SQL Server\130\Tools\Binn\;C:\Program Files (x86)\Microsoft SQL Server\130\DTS\Binn\;C:\Program Files (x86)\Microsoft SQL Server\130\Tools\Binn\ManagementStudio\;C:\Program Files\Git\cmd;C:\Program Files\JAVA\openjdk-21.0.5+11\bin;;C:\Users\soumya.kj\.katalon\packages\KSE-10.4.3;
USERNAME=soumya.kj
OS=Windows_NT
PROCESSOR_IDENTIFIER=Intel64 Family 6 Model 158 Stepping 11, GenuineIntel
TMP=C:\Users\soumya.kj\AppData\Local\Temp
TEMP=C:\Users\soumya.kj\AppData\Local\Temp



Periodic native trim disabled


---------------  S Y S T E M  ---------------

OS:
 Windows 11 , 64 bit Build 26100 (10.0.26100.7920)
OS uptime: 15 days 20:32 hours

CPU: total 4 (initial active 4) (4 cores per cpu, 1 threads per core) family 6 model 158 stepping 11 microcode 0xf4, cx8, cmov, fxsr, mmx, 3dnowpref, sse, sse2, sse3, ssse3, sse4.1, sse4.2, popcnt, lzcnt, tsc, tscinvbit, avx, avx2, aes, erms, clmul, bmi1, bmi2, adx, fma, vzeroupper, clflush, clflushopt
Processor Information for all 4 processors :
  Max Mhz: 3600, Current Mhz: 3600, Mhz Limit: 3600

Memory: 4k page, system-wide physical 12111M (525M free)
TotalPageFile size 27253M (AvailPageFile size 7M)
current process WorkingSet (physical memory assigned to process): 286M, peak: 287M
current process commit charge ("private bytes"): 309M, peak: 320M

vm_info: OpenJDK 64-Bit Server VM (17.0.14+7) for windows-amd64 JRE (17.0.14+7), built on Jan 21 2025 23:40:15 by "admin" with MS VC++ 17.7 (VS2022)

END.
